{"C:\\Code\\Python\\Fullstack\\FullstackProject\\server\\middlewares\\upload.js": {"path":"C:\\Code\\Python\\Fullstack\\FullstackProject\\server\\middlewares\\upload.js","statementMap":{"0":{"start":{"line":6,"column":18},"end":{"line":6,"column":29}},"1":{"start":{"line":7,"column":1},"end":{"line":9,"column":2}},"2":{"start":{"line":8,"column":1},"end":{"line":8,"column":46}},"3":{"start":{"line":12,"column":16},"end":{"line":22,"column":2}},"4":{"start":{"line":14,"column":1},"end":{"line":14,"column":21}},"5":{"start":{"line":18,"column":21},"end":{"line":18,"column":71}},"6":{"start":{"line":19,"column":13},"end":{"line":19,"column":44}},"7":{"start":{"line":20,"column":1},"end":{"line":20,"column":41}},"8":{"start":{"line":25,"column":19},"end":{"line":33,"column":2}},"9":{"start":{"line":26,"column":26},"end":{"line":27,"column":12}},"10":{"start":{"line":28,"column":1},"end":{"line":32,"column":2}},"11":{"start":{"line":29,"column":1},"end":{"line":29,"column":16}},"12":{"start":{"line":31,"column":1},"end":{"line":31,"column":96}},"13":{"start":{"line":36,"column":22},"end":{"line":42,"column":3}}},"fnMap":{"0":{"name":"(anonymous_0)","decl":{"start":{"line":13,"column":14},"end":{"line":13,"column":15}},"loc":{"start":{"line":13,"column":33},"end":{"line":15,"column":2}},"line":13},"1":{"name":"(anonymous_1)","decl":{"start":{"line":17,"column":11},"end":{"line":17,"column":12}},"loc":{"start":{"line":17,"column":30},"end":{"line":21,"column":2}},"line":17},"2":{"name":"(anonymous_2)","decl":{"start":{"line":25,"column":19},"end":{"line":25,"column":20}},"loc":{"start":{"line":25,"column":38},"end":{"line":33,"column":2}},"line":25}},"branchMap":{"0":{"loc":{"start":{"line":7,"column":1},"end":{"line":9,"column":2}},"type":"if","locations":[{"start":{"line":7,"column":1},"end":{"line":9,"column":2}},{"start":{},"end":{}}],"line":7},"1":{"loc":{"start":{"line":28,"column":1},"end":{"line":32,"column":2}},"type":"if","locations":[{"start":{"line":28,"column":1},"end":{"line":32,"column":2}},{"start":{"line":30,"column":8},"end":{"line":32,"column":2}}],"line":28}},"s":{"0":0,"1":0,"2":0,"3":0,"4":0,"5":0,"6":0,"7":0,"8":0,"9":0,"10":0,"11":0,"12":0,"13":0},"f":{"0":0,"1":0,"2":0},"b":{"0":[0,0],"1":[0,0]}}
,"C:\\Code\\Python\\Fullstack\\FullstackProject\\server\\models\\Comment.js": {"path":"C:\\Code\\Python\\Fullstack\\FullstackProject\\server\\models\\Comment.js","statementMap":{"0":{"start":{"line":4,"column":22},"end":{"line":12,"column":1}},"1":{"start":{"line":14,"column":16},"end":{"line":14,"column":56}}},"fnMap":{},"branchMap":{},"s":{"0":0,"1":0},"f":{},"b":{}}
,"C:\\Code\\Python\\Fullstack\\FullstackProject\\server\\models\\Post.js": {"path":"C:\\Code\\Python\\Fullstack\\FullstackProject\\server\\models\\Post.js","statementMap":{"0":{"start":{"line":8,"column":19},"end":{"line":32,"column":1}},"1":{"start":{"line":34,"column":0},"end":{"line":41,"column":2}},"2":{"start":{"line":35,"column":2},"end":{"line":40,"column":3}},"3":{"start":{"line":36,"column":18},"end":{"line":36,"column":68}},"4":{"start":{"line":36,"column":50},"end":{"line":36,"column":64}},"5":{"start":{"line":37,"column":4},"end":{"line":37,"column":53}},"6":{"start":{"line":39,"column":4},"end":{"line":39,"column":27}},"7":{"start":{"line":43,"column":0},"end":{"line":46,"column":2}},"8":{"start":{"line":44,"column":2},"end":{"line":44,"column":37}},"9":{"start":{"line":45,"column":2},"end":{"line":45,"column":21}},"10":{"start":{"line":48,"column":13},"end":{"line":48,"column":47}}},"fnMap":{"0":{"name":"(anonymous_0)","decl":{"start":{"line":34,"column":41},"end":{"line":34,"column":42}},"loc":{"start":{"line":34,"column":53},"end":{"line":41,"column":1}},"line":34},"1":{"name":"(anonymous_1)","decl":{"start":{"line":36,"column":38},"end":{"line":36,"column":39}},"loc":{"start":{"line":36,"column":50},"end":{"line":36,"column":64}},"line":36},"2":{"name":"(anonymous_2)","decl":{"start":{"line":43,"column":36},"end":{"line":43,"column":37}},"loc":{"start":{"line":43,"column":48},"end":{"line":46,"column":1}},"line":43}},"branchMap":{"0":{"loc":{"start":{"line":35,"column":2},"end":{"line":40,"column":3}},"type":"if","locations":[{"start":{"line":35,"column":2},"end":{"line":40,"column":3}},{"start":{"line":38,"column":9},"end":{"line":40,"column":3}}],"line":35},"1":{"loc":{"start":{"line":44,"column":16},"end":{"line":44,"column":31}},"type":"binary-expr","locations":[{"start":{"line":44,"column":16},"end":{"line":44,"column":26}},{"start":{"line":44,"column":30},"end":{"line":44,"column":31}}],"line":44}},"s":{"0":0,"1":0,"2":0,"3":0,"4":0,"5":0,"6":0,"7":0,"8":0,"9":0,"10":0},"f":{"0":0,"1":0,"2":0},"b":{"0":[0,0],"1":[0,0]}}
,"C:\\Code\\Python\\Fullstack\\FullstackProject\\server\\models\\User.js": {"path":"C:\\Code\\Python\\Fullstack\\FullstackProject\\server\\models\\User.js","statementMap":{"0":{"start":{"line":4,"column":19},"end":{"line":17,"column":1}},"1":{"start":{"line":20,"column":0},"end":{"line":29,"column":3}},"2":{"start":{"line":21,"column":2},"end":{"line":21,"column":50}},"3":{"start":{"line":21,"column":36},"end":{"line":21,"column":50}},"4":{"start":{"line":22,"column":2},"end":{"line":28,"column":3}},"5":{"start":{"line":23,"column":17},"end":{"line":23,"column":41}},"6":{"start":{"line":24,"column":4},"end":{"line":24,"column":59}},"7":{"start":{"line":25,"column":4},"end":{"line":25,"column":11}},"8":{"start":{"line":27,"column":4},"end":{"line":27,"column":16}},"9":{"start":{"line":32,"column":0},"end":{"line":38,"column":2}},"10":{"start":{"line":33,"column":2},"end":{"line":37,"column":3}},"11":{"start":{"line":34,"column":4},"end":{"line":34,"column":57}},"12":{"start":{"line":36,"column":4},"end":{"line":36,"column":27}},"13":{"start":{"line":41,"column":0},"end":{"line":48,"column":5}},"14":{"start":{"line":42,"column":4},"end":{"line":47,"column":5}},"15":{"start":{"line":43,"column":8},"end":{"line":43,"column":39}},"16":{"start":{"line":46,"column":8},"end":{"line":46,"column":31}},"17":{"start":{"line":51,"column":0},"end":{"line":57,"column":5}},"18":{"start":{"line":52,"column":4},"end":{"line":56,"column":5}},"19":{"start":{"line":53,"column":8},"end":{"line":53,"column":48}},"20":{"start":{"line":55,"column":8},"end":{"line":55,"column":31}},"21":{"start":{"line":59,"column":13},"end":{"line":59,"column":47}}},"fnMap":{"0":{"name":"(anonymous_0)","decl":{"start":{"line":20,"column":23},"end":{"line":20,"column":24}},"loc":{"start":{"line":20,"column":45},"end":{"line":29,"column":1}},"line":20},"1":{"name":"(anonymous_1)","decl":{"start":{"line":32,"column":37},"end":{"line":32,"column":38}},"loc":{"start":{"line":32,"column":63},"end":{"line":38,"column":1}},"line":32},"2":{"name":"(anonymous_2)","decl":{"start":{"line":41,"column":30},"end":{"line":41,"column":31}},"loc":{"start":{"line":41,"column":50},"end":{"line":48,"column":5}},"line":41},"3":{"name":"(anonymous_3)","decl":{"start":{"line":51,"column":36},"end":{"line":51,"column":37}},"loc":{"start":{"line":51,"column":62},"end":{"line":57,"column":5}},"line":51}},"branchMap":{"0":{"loc":{"start":{"line":21,"column":2},"end":{"line":21,"column":50}},"type":"if","locations":[{"start":{"line":21,"column":2},"end":{"line":21,"column":50}},{"start":{},"end":{}}],"line":21}},"s":{"0":1,"1":1,"2":0,"3":0,"4":0,"5":0,"6":0,"7":0,"8":0,"9":1,"10":0,"11":0,"12":0,"13":1,"14":0,"15":0,"16":0,"17":1,"18":0,"19":0,"20":0,"21":1},"f":{"0":0,"1":0,"2":0,"3":0},"b":{"0":[0,0]},"_coverageSchema":"1a1c01bbd47fc00a2c39e90264f33305004495a9","hash":"c839e43f8332c55b0583a18f22efe017262e4c24"}
,"C:\\Code\\Python\\Fullstack\\FullstackProject\\server\\routes\\auth.js": {"path":"C:\\Code\\Python\\Fullstack\\FullstackProject\\server\\routes\\auth.js","statementMap":{"0":{"start":{"line":7,"column":15},"end":{"line":7,"column":31}},"1":{"start":{"line":9,"column":0},"end":{"line":47,"column":2}},"2":{"start":{"line":10,"column":35},"end":{"line":10,"column":43}},"3":{"start":{"line":13,"column":4},"end":{"line":15,"column":5}},"4":{"start":{"line":14,"column":8},"end":{"line":14,"column":79}},"5":{"start":{"line":18,"column":17},"end":{"line":18,"column":47}},"6":{"start":{"line":19,"column":4},"end":{"line":21,"column":5}},"7":{"start":{"line":20,"column":8},"end":{"line":20,"column":68}},"8":{"start":{"line":24,"column":18},"end":{"line":24,"column":63}},"9":{"start":{"line":25,"column":4},"end":{"line":27,"column":5}},"10":{"start":{"line":26,"column":8},"end":{"line":26,"column":68}},"11":{"start":{"line":31,"column":18},"end":{"line":37,"column":5}},"12":{"start":{"line":39,"column":4},"end":{"line":44,"column":6}},"13":{"start":{"line":46,"column":4},"end":{"line":46,"column":97}},"14":{"start":{"line":50,"column":0},"end":{"line":64,"column":2}},"15":{"start":{"line":51,"column":18},"end":{"line":51,"column":35}},"16":{"start":{"line":53,"column":4},"end":{"line":55,"column":5}},"17":{"start":{"line":54,"column":8},"end":{"line":54,"column":62}},"18":{"start":{"line":57,"column":4},"end":{"line":63,"column":5}},"19":{"start":{"line":58,"column":21},"end":{"line":58,"column":62}},"20":{"start":{"line":59,"column":8},"end":{"line":59,"column":23}},"21":{"start":{"line":62,"column":8},"end":{"line":62,"column":66}},"22":{"start":{"line":66,"column":0},"end":{"line":69,"column":2}},"23":{"start":{"line":67,"column":4},"end":{"line":67,"column":29}},"24":{"start":{"line":68,"column":4},"end":{"line":68,"column":45}}},"fnMap":{"0":{"name":"(anonymous_0)","decl":{"start":{"line":9,"column":22},"end":{"line":9,"column":23}},"loc":{"start":{"line":9,"column":42},"end":{"line":47,"column":1}},"line":9},"1":{"name":"(anonymous_1)","decl":{"start":{"line":50,"column":18},"end":{"line":50,"column":19}},"loc":{"start":{"line":50,"column":32},"end":{"line":64,"column":1}},"line":50},"2":{"name":"(anonymous_2)","decl":{"start":{"line":66,"column":23},"end":{"line":66,"column":24}},"loc":{"start":{"line":66,"column":37},"end":{"line":69,"column":1}},"line":66}},"branchMap":{"0":{"loc":{"start":{"line":13,"column":4},"end":{"line":15,"column":5}},"type":"if","locations":[{"start":{"line":13,"column":4},"end":{"line":15,"column":5}},{"start":{},"end":{}}],"line":13},"1":{"loc":{"start":{"line":13,"column":7},"end":{"line":13,"column":29}},"type":"binary-expr","locations":[{"start":{"line":13,"column":7},"end":{"line":13,"column":16}},{"start":{"line":13,"column":20},"end":{"line":13,"column":29}}],"line":13},"2":{"loc":{"start":{"line":19,"column":4},"end":{"line":21,"column":5}},"type":"if","locations":[{"start":{"line":19,"column":4},"end":{"line":21,"column":5}},{"start":{},"end":{}}],"line":19},"3":{"loc":{"start":{"line":25,"column":4},"end":{"line":27,"column":5}},"type":"if","locations":[{"start":{"line":25,"column":4},"end":{"line":27,"column":5}},{"start":{},"end":{}}],"line":25},"4":{"loc":{"start":{"line":53,"column":4},"end":{"line":55,"column":5}},"type":"if","locations":[{"start":{"line":53,"column":4},"end":{"line":55,"column":5}},{"start":{},"end":{}}],"line":53}},"s":{"0":0,"1":0,"2":0,"3":0,"4":0,"5":0,"6":0,"7":0,"8":0,"9":0,"10":0,"11":0,"12":0,"13":0,"14":0,"15":0,"16":0,"17":0,"18":0,"19":0,"20":0,"21":0,"22":0,"23":0,"24":0},"f":{"0":0,"1":0,"2":0},"b":{"0":[0,0],"1":[0,0],"2":[0,0],"3":[0,0],"4":[0,0]}}
,"C:\\Code\\Python\\Fullstack\\FullstackProject\\server\\routes\\comments.js": {"path":"C:\\Code\\Python\\Fullstack\\FullstackProject\\server\\routes\\comments.js","statementMap":{"0":{"start":{"line":6,"column":15},"end":{"line":6,"column":31}},"1":{"start":{"line":9,"column":0},"end":{"line":40,"column":2}},"2":{"start":{"line":10,"column":4},"end":{"line":39,"column":5}},"3":{"start":{"line":11,"column":36},"end":{"line":11,"column":44}},"4":{"start":{"line":14,"column":8},"end":{"line":16,"column":9}},"5":{"start":{"line":15,"column":12},"end":{"line":15,"column":84}},"6":{"start":{"line":18,"column":21},"end":{"line":18,"column":48}},"7":{"start":{"line":19,"column":8},"end":{"line":21,"column":9}},"8":{"start":{"line":20,"column":12},"end":{"line":20,"column":67}},"9":{"start":{"line":24,"column":27},"end":{"line":28,"column":10}},"10":{"start":{"line":30,"column":8},"end":{"line":30,"column":32}},"11":{"start":{"line":33,"column":8},"end":{"line":33,"column":57}},"12":{"start":{"line":34,"column":8},"end":{"line":34,"column":26}},"13":{"start":{"line":36,"column":8},"end":{"line":36,"column":40}},"14":{"start":{"line":38,"column":8},"end":{"line":38,"column":74}},"15":{"start":{"line":43,"column":0},"end":{"line":58,"column":2}},"16":{"start":{"line":44,"column":4},"end":{"line":57,"column":5}},"17":{"start":{"line":45,"column":25},"end":{"line":45,"column":35}},"18":{"start":{"line":48,"column":8},"end":{"line":50,"column":9}},"19":{"start":{"line":49,"column":12},"end":{"line":49,"column":69}},"20":{"start":{"line":52,"column":25},"end":{"line":52,"column":90}},"21":{"start":{"line":53,"column":8},"end":{"line":53,"column":39}},"22":{"start":{"line":55,"column":8},"end":{"line":55,"column":74}},"23":{"start":{"line":61,"column":0},"end":{"line":87,"column":2}},"24":{"start":{"line":62,"column":4},"end":{"line":86,"column":5}},"25":{"start":{"line":63,"column":23},"end":{"line":63,"column":33}},"26":{"start":{"line":64,"column":28},"end":{"line":64,"column":36}},"27":{"start":{"line":66,"column":8},"end":{"line":68,"column":9}},"28":{"start":{"line":67,"column":12},"end":{"line":67,"column":73}},"29":{"start":{"line":70,"column":24},"end":{"line":70,"column":50}},"30":{"start":{"line":71,"column":8},"end":{"line":73,"column":9}},"31":{"start":{"line":72,"column":12},"end":{"line":72,"column":71}},"32":{"start":{"line":75,"column":8},"end":{"line":77,"column":9}},"33":{"start":{"line":76,"column":12},"end":{"line":76,"column":89}},"34":{"start":{"line":79,"column":8},"end":{"line":79,"column":31}},"35":{"start":{"line":80,"column":8},"end":{"line":80,"column":28}},"36":{"start":{"line":82,"column":8},"end":{"line":82,"column":38}},"37":{"start":{"line":85,"column":8},"end":{"line":85,"column":74}},"38":{"start":{"line":91,"column":0},"end":{"line":116,"column":2}},"39":{"start":{"line":92,"column":4},"end":{"line":115,"column":5}},"40":{"start":{"line":93,"column":23},"end":{"line":93,"column":33}},"41":{"start":{"line":95,"column":24},"end":{"line":95,"column":50}},"42":{"start":{"line":97,"column":8},"end":{"line":99,"column":9}},"43":{"start":{"line":98,"column":12},"end":{"line":98,"column":70}},"44":{"start":{"line":101,"column":8},"end":{"line":103,"column":9}},"45":{"start":{"line":102,"column":12},"end":{"line":102,"column":91}},"46":{"start":{"line":105,"column":8},"end":{"line":105,"column":31}},"47":{"start":{"line":107,"column":21},"end":{"line":107,"column":54}},"48":{"start":{"line":108,"column":8},"end":{"line":111,"column":9}},"49":{"start":{"line":109,"column":12},"end":{"line":109,"column":78}},"50":{"start":{"line":110,"column":12},"end":{"line":110,"column":30}},"51":{"start":{"line":114,"column":8},"end":{"line":114,"column":71}}},"fnMap":{"0":{"name":"(anonymous_0)","decl":{"start":{"line":9,"column":30},"end":{"line":9,"column":31}},"loc":{"start":{"line":9,"column":49},"end":{"line":40,"column":1}},"line":9},"1":{"name":"(anonymous_1)","decl":{"start":{"line":43,"column":15},"end":{"line":43,"column":16}},"loc":{"start":{"line":43,"column":35},"end":{"line":58,"column":1}},"line":43},"2":{"name":"(anonymous_2)","decl":{"start":{"line":61,"column":32},"end":{"line":61,"column":33}},"loc":{"start":{"line":61,"column":52},"end":{"line":87,"column":1}},"line":61},"3":{"name":"(anonymous_3)","decl":{"start":{"line":91,"column":35},"end":{"line":91,"column":36}},"loc":{"start":{"line":91,"column":55},"end":{"line":116,"column":1}},"line":91}},"branchMap":{"0":{"loc":{"start":{"line":14,"column":8},"end":{"line":16,"column":9}},"type":"if","locations":[{"start":{"line":14,"column":8},"end":{"line":16,"column":9}},{"start":{},"end":{}}],"line":14},"1":{"loc":{"start":{"line":14,"column":11},"end":{"line":14,"column":30}},"type":"binary-expr","locations":[{"start":{"line":14,"column":11},"end":{"line":14,"column":18}},{"start":{"line":14,"column":22},"end":{"line":14,"column":30}}],"line":14},"2":{"loc":{"start":{"line":19,"column":8},"end":{"line":21,"column":9}},"type":"if","locations":[{"start":{"line":19,"column":8},"end":{"line":21,"column":9}},{"start":{},"end":{}}],"line":19},"3":{"loc":{"start":{"line":33,"column":30},"end":{"line":33,"column":53}},"type":"binary-expr","locations":[{"start":{"line":33,"column":30},"end":{"line":33,"column":48}},{"start":{"line":33,"column":52},"end":{"line":33,"column":53}}],"line":33},"4":{"loc":{"start":{"line":48,"column":8},"end":{"line":50,"column":9}},"type":"if","locations":[{"start":{"line":48,"column":8},"end":{"line":50,"column":9}},{"start":{},"end":{}}],"line":48},"5":{"loc":{"start":{"line":66,"column":8},"end":{"line":68,"column":9}},"type":"if","locations":[{"start":{"line":66,"column":8},"end":{"line":68,"column":9}},{"start":{},"end":{}}],"line":66},"6":{"loc":{"start":{"line":71,"column":8},"end":{"line":73,"column":9}},"type":"if","locations":[{"start":{"line":71,"column":8},"end":{"line":73,"column":9}},{"start":{},"end":{}}],"line":71},"7":{"loc":{"start":{"line":75,"column":8},"end":{"line":77,"column":9}},"type":"if","locations":[{"start":{"line":75,"column":8},"end":{"line":77,"column":9}},{"start":{},"end":{}}],"line":75},"8":{"loc":{"start":{"line":97,"column":8},"end":{"line":99,"column":9}},"type":"if","locations":[{"start":{"line":97,"column":8},"end":{"line":99,"column":9}},{"start":{},"end":{}}],"line":97},"9":{"loc":{"start":{"line":101,"column":8},"end":{"line":103,"column":9}},"type":"if","locations":[{"start":{"line":101,"column":8},"end":{"line":103,"column":9}},{"start":{},"end":{}}],"line":101},"10":{"loc":{"start":{"line":108,"column":8},"end":{"line":111,"column":9}},"type":"if","locations":[{"start":{"line":108,"column":8},"end":{"line":111,"column":9}},{"start":{},"end":{}}],"line":108},"11":{"loc":{"start":{"line":109,"column":44},"end":{"line":109,"column":67}},"type":"binary-expr","locations":[{"start":{"line":109,"column":44},"end":{"line":109,"column":62}},{"start":{"line":109,"column":66},"end":{"line":109,"column":67}}],"line":109}},"s":{"0":0,"1":0,"2":0,"3":0,"4":0,"5":0,"6":0,"7":0,"8":0,"9":0,"10":0,"11":0,"12":0,"13":0,"14":0,"15":0,"16":0,"17":0,"18":0,"19":0,"20":0,"21":0,"22":0,"23":0,"24":0,"25":0,"26":0,"27":0,"28":0,"29":0,"30":0,"31":0,"32":0,"33":0,"34":0,"35":0,"36":0,"37":0,"38":0,"39":0,"40":0,"41":0,"42":0,"43":0,"44":0,"45":0,"46":0,"47":0,"48":0,"49":0,"50":0,"51":0},"f":{"0":0,"1":0,"2":0,"3":0},"b":{"0":[0,0],"1":[0,0],"2":[0,0],"3":[0,0],"4":[0,0],"5":[0,0],"6":[0,0],"7":[0,0],"8":[0,0],"9":[0,0],"10":[0,0],"11":[0,0]}}
,"C:\\Code\\Python\\Fullstack\\FullstackProject\\server\\routes\\posts.js": {"path":"C:\\Code\\Python\\Fullstack\\FullstackProject\\server\\routes\\posts.js","statementMap":{"0":{"start":{"line":6,"column":15},"end":{"line":6,"column":31}},"1":{"start":{"line":10,"column":20},"end":{"line":21,"column":1}},"2":{"start":{"line":11,"column":16},"end":{"line":11,"column":33}},"3":{"start":{"line":12,"column":2},"end":{"line":12,"column":74}},"4":{"start":{"line":12,"column":14},"end":{"line":12,"column":74}},"5":{"start":{"line":14,"column":2},"end":{"line":20,"column":3}},"6":{"start":{"line":15,"column":20},"end":{"line":15,"column":61}},"7":{"start":{"line":16,"column":4},"end":{"line":16,"column":23}},"8":{"start":{"line":17,"column":4},"end":{"line":17,"column":11}},"9":{"start":{"line":19,"column":4},"end":{"line":19,"column":60}},"10":{"start":{"line":25,"column":0},"end":{"line":59,"column":3}},"11":{"start":{"line":26,"column":21},"end":{"line":26,"column":29}},"12":{"start":{"line":27,"column":17},"end":{"line":27,"column":28}},"13":{"start":{"line":29,"column":2},"end":{"line":31,"column":3}},"14":{"start":{"line":30,"column":4},"end":{"line":30,"column":77}},"15":{"start":{"line":33,"column":2},"end":{"line":58,"column":3}},"16":{"start":{"line":34,"column":17},"end":{"line":34,"column":51}},"17":{"start":{"line":35,"column":4},"end":{"line":35,"column":74}},"18":{"start":{"line":35,"column":15},"end":{"line":35,"column":74}},"19":{"start":{"line":38,"column":21},"end":{"line":38,"column":75}},"20":{"start":{"line":38,"column":46},"end":{"line":38,"column":74}},"21":{"start":{"line":40,"column":4},"end":{"line":45,"column":5}},"22":{"start":{"line":41,"column":6},"end":{"line":41,"column":31}},"23":{"start":{"line":43,"column":6},"end":{"line":43,"column":50}},"24":{"start":{"line":44,"column":6},"end":{"line":44,"column":46}},"25":{"start":{"line":47,"column":4},"end":{"line":47,"column":31}},"26":{"start":{"line":48,"column":4},"end":{"line":48,"column":22}},"27":{"start":{"line":50,"column":4},"end":{"line":54,"column":7}},"28":{"start":{"line":56,"column":4},"end":{"line":56,"column":23}},"29":{"start":{"line":57,"column":4},"end":{"line":57,"column":59}},"30":{"start":{"line":62,"column":0},"end":{"line":87,"column":3}},"31":{"start":{"line":63,"column":2},"end":{"line":86,"column":3}},"32":{"start":{"line":65,"column":19},"end":{"line":65,"column":30}},"33":{"start":{"line":66,"column":49},"end":{"line":66,"column":57}},"34":{"start":{"line":68,"column":21},"end":{"line":76,"column":5}},"35":{"start":{"line":73,"column":6},"end":{"line":73,"column":16}},"36":{"start":{"line":75,"column":39},"end":{"line":75,"column":49}},"37":{"start":{"line":78,"column":4},"end":{"line":80,"column":5}},"38":{"start":{"line":79,"column":6},"end":{"line":79,"column":60}},"39":{"start":{"line":81,"column":20},"end":{"line":81,"column":38}},"40":{"start":{"line":82,"column":4},"end":{"line":82,"column":25}},"41":{"start":{"line":83,"column":4},"end":{"line":83,"column":34}},"42":{"start":{"line":85,"column":4},"end":{"line":85,"column":51}},"43":{"start":{"line":91,"column":0},"end":{"line":108,"column":3}},"44":{"start":{"line":92,"column":2},"end":{"line":107,"column":3}},"45":{"start":{"line":93,"column":17},"end":{"line":93,"column":46}},"46":{"start":{"line":94,"column":18},"end":{"line":94,"column":49}},"47":{"start":{"line":95,"column":17},"end":{"line":95,"column":35}},"48":{"start":{"line":97,"column":18},"end":{"line":102,"column":27}},"49":{"start":{"line":104,"column":4},"end":{"line":104,"column":32}},"50":{"start":{"line":106,"column":4},"end":{"line":106,"column":51}},"51":{"start":{"line":113,"column":0},"end":{"line":127,"column":2}},"52":{"start":{"line":114,"column":2},"end":{"line":126,"column":3}},"53":{"start":{"line":115,"column":17},"end":{"line":117,"column":25}},"54":{"start":{"line":119,"column":4},"end":{"line":119,"column":74}},"55":{"start":{"line":119,"column":15},"end":{"line":119,"column":74}},"56":{"start":{"line":122,"column":4},"end":{"line":122,"column":32}},"57":{"start":{"line":123,"column":4},"end":{"line":123,"column":31}},"58":{"start":{"line":125,"column":4},"end":{"line":125,"column":51}},"59":{"start":{"line":130,"column":0},"end":{"line":165,"column":2}},"60":{"start":{"line":131,"column":2},"end":{"line":164,"column":3}},"61":{"start":{"line":132,"column":49},"end":{"line":132,"column":57}},"62":{"start":{"line":135,"column":23},"end":{"line":148,"column":5}},"63":{"start":{"line":140,"column":37},"end":{"line":140,"column":47}},"64":{"start":{"line":145,"column":43},"end":{"line":145,"column":53}},"65":{"start":{"line":150,"column":4},"end":{"line":152,"column":5}},"66":{"start":{"line":151,"column":6},"end":{"line":151,"column":62}},"67":{"start":{"line":154,"column":24},"end":{"line":158,"column":5}},"68":{"start":{"line":159,"column":4},"end":{"line":159,"column":81}},"69":{"start":{"line":159,"column":22},"end":{"line":159,"column":81}},"70":{"start":{"line":160,"column":4},"end":{"line":160,"column":38}},"71":{"start":{"line":163,"column":4},"end":{"line":163,"column":50}},"72":{"start":{"line":169,"column":0},"end":{"line":177,"column":2}},"73":{"start":{"line":170,"column":2},"end":{"line":176,"column":3}},"74":{"start":{"line":171,"column":24},"end":{"line":171,"column":67}},"75":{"start":{"line":172,"column":4},"end":{"line":172,"column":80}},"76":{"start":{"line":172,"column":22},"end":{"line":172,"column":80}},"77":{"start":{"line":173,"column":4},"end":{"line":173,"column":66}},"78":{"start":{"line":175,"column":4},"end":{"line":175,"column":51}}},"fnMap":{"0":{"name":"(anonymous_0)","decl":{"start":{"line":10,"column":20},"end":{"line":10,"column":21}},"loc":{"start":{"line":10,"column":40},"end":{"line":21,"column":1}},"line":10},"1":{"name":"(anonymous_1)","decl":{"start":{"line":25,"column":38},"end":{"line":25,"column":39}},"loc":{"start":{"line":25,"column":58},"end":{"line":59,"column":1}},"line":25},"2":{"name":"(anonymous_2)","decl":{"start":{"line":38,"column":39},"end":{"line":38,"column":40}},"loc":{"start":{"line":38,"column":46},"end":{"line":38,"column":74}},"line":38},"3":{"name":"(anonymous_3)","decl":{"start":{"line":62,"column":59},"end":{"line":62,"column":60}},"loc":{"start":{"line":62,"column":79},"end":{"line":87,"column":1}},"line":62},"4":{"name":"(anonymous_4)","decl":{"start":{"line":72,"column":67},"end":{"line":72,"column":68}},"loc":{"start":{"line":73,"column":6},"end":{"line":73,"column":16}},"line":73},"5":{"name":"(anonymous_5)","decl":{"start":{"line":75,"column":32},"end":{"line":75,"column":33}},"loc":{"start":{"line":75,"column":39},"end":{"line":75,"column":49}},"line":75},"6":{"name":"(anonymous_6)","decl":{"start":{"line":91,"column":16},"end":{"line":91,"column":17}},"loc":{"start":{"line":91,"column":36},"end":{"line":108,"column":1}},"line":91},"7":{"name":"(anonymous_7)","decl":{"start":{"line":113,"column":19},"end":{"line":113,"column":20}},"loc":{"start":{"line":113,"column":39},"end":{"line":127,"column":1}},"line":113},"8":{"name":"(anonymous_8)","decl":{"start":{"line":130,"column":61},"end":{"line":130,"column":62}},"loc":{"start":{"line":130,"column":81},"end":{"line":165,"column":1}},"line":130},"9":{"name":"(anonymous_9)","decl":{"start":{"line":140,"column":30},"end":{"line":140,"column":31}},"loc":{"start":{"line":140,"column":37},"end":{"line":140,"column":47}},"line":140},"10":{"name":"(anonymous_10)","decl":{"start":{"line":145,"column":36},"end":{"line":145,"column":37}},"loc":{"start":{"line":145,"column":43},"end":{"line":145,"column":53}},"line":145},"11":{"name":"(anonymous_11)","decl":{"start":{"line":169,"column":35},"end":{"line":169,"column":36}},"loc":{"start":{"line":169,"column":55},"end":{"line":177,"column":1}},"line":169}},"branchMap":{"0":{"loc":{"start":{"line":12,"column":2},"end":{"line":12,"column":74}},"type":"if","locations":[{"start":{"line":12,"column":2},"end":{"line":12,"column":74}},{"start":{},"end":{}}],"line":12},"1":{"loc":{"start":{"line":29,"column":2},"end":{"line":31,"column":3}},"type":"if","locations":[{"start":{"line":29,"column":2},"end":{"line":31,"column":3}},{"start":{},"end":{}}],"line":29},"2":{"loc":{"start":{"line":29,"column":6},"end":{"line":29,"column":41}},"type":"binary-expr","locations":[{"start":{"line":29,"column":6},"end":{"line":29,"column":13}},{"start":{"line":29,"column":17},"end":{"line":29,"column":27}},{"start":{"line":29,"column":31},"end":{"line":29,"column":41}}],"line":29},"3":{"loc":{"start":{"line":35,"column":4},"end":{"line":35,"column":74}},"type":"if","locations":[{"start":{"line":35,"column":4},"end":{"line":35,"column":74}},{"start":{},"end":{}}],"line":35},"4":{"loc":{"start":{"line":40,"column":4},"end":{"line":45,"column":5}},"type":"if","locations":[{"start":{"line":40,"column":4},"end":{"line":45,"column":5}},{"start":{"line":42,"column":11},"end":{"line":45,"column":5}}],"line":40},"5":{"loc":{"start":{"line":72,"column":12},"end":{"line":73,"column":46}},"type":"cond-expr","locations":[{"start":{"line":72,"column":20},"end":{"line":73,"column":40}},{"start":{"line":73,"column":44},"end":{"line":73,"column":46}}],"line":72},"6":{"loc":{"start":{"line":72,"column":20},"end":{"line":73,"column":40}},"type":"cond-expr","locations":[{"start":{"line":72,"column":47},"end":{"line":73,"column":33}},{"start":{"line":73,"column":36},"end":{"line":73,"column":40}}],"line":72},"7":{"loc":{"start":{"line":74,"column":18},"end":{"line":75,"column":85}},"type":"cond-expr","locations":[{"start":{"line":74,"column":32},"end":{"line":75,"column":79}},{"start":{"line":75,"column":83},"end":{"line":75,"column":85}}],"line":74},"8":{"loc":{"start":{"line":74,"column":32},"end":{"line":75,"column":79}},"type":"cond-expr","locations":[{"start":{"line":75,"column":6},"end":{"line":75,"column":66}},{"start":{"line":75,"column":69},"end":{"line":75,"column":79}}],"line":74},"9":{"loc":{"start":{"line":78,"column":4},"end":{"line":80,"column":5}},"type":"if","locations":[{"start":{"line":78,"column":4},"end":{"line":80,"column":5}},{"start":{},"end":{}}],"line":78},"10":{"loc":{"start":{"line":93,"column":17},"end":{"line":93,"column":46}},"type":"binary-expr","locations":[{"start":{"line":93,"column":17},"end":{"line":93,"column":41}},{"start":{"line":93,"column":45},"end":{"line":93,"column":46}}],"line":93},"11":{"loc":{"start":{"line":94,"column":18},"end":{"line":94,"column":49}},"type":"binary-expr","locations":[{"start":{"line":94,"column":18},"end":{"line":94,"column":43}},{"start":{"line":94,"column":47},"end":{"line":94,"column":49}}],"line":94},"12":{"loc":{"start":{"line":119,"column":4},"end":{"line":119,"column":74}},"type":"if","locations":[{"start":{"line":119,"column":4},"end":{"line":119,"column":74}},{"start":{},"end":{}}],"line":119},"13":{"loc":{"start":{"line":138,"column":12},"end":{"line":142,"column":19}},"type":"cond-expr","locations":[{"start":{"line":139,"column":9},"end":{"line":141,"column":14}},{"start":{"line":142,"column":10},"end":{"line":142,"column":19}}],"line":138},"14":{"loc":{"start":{"line":139,"column":9},"end":{"line":141,"column":14}},"type":"cond-expr","locations":[{"start":{"line":140,"column":10},"end":{"line":140,"column":64}},{"start":{"line":141,"column":10},"end":{"line":141,"column":14}}],"line":139},"15":{"loc":{"start":{"line":143,"column":18},"end":{"line":147,"column":19}},"type":"cond-expr","locations":[{"start":{"line":144,"column":9},"end":{"line":146,"column":20}},{"start":{"line":147,"column":10},"end":{"line":147,"column":19}}],"line":143},"16":{"loc":{"start":{"line":144,"column":9},"end":{"line":146,"column":20}},"type":"cond-expr","locations":[{"start":{"line":145,"column":10},"end":{"line":145,"column":70}},{"start":{"line":146,"column":10},"end":{"line":146,"column":20}}],"line":144},"17":{"loc":{"start":{"line":150,"column":4},"end":{"line":152,"column":5}},"type":"if","locations":[{"start":{"line":150,"column":4},"end":{"line":152,"column":5}},{"start":{},"end":{}}],"line":150},"18":{"loc":{"start":{"line":159,"column":4},"end":{"line":159,"column":81}},"type":"if","locations":[{"start":{"line":159,"column":4},"end":{"line":159,"column":81}},{"start":{},"end":{}}],"line":159},"19":{"loc":{"start":{"line":172,"column":4},"end":{"line":172,"column":80}},"type":"if","locations":[{"start":{"line":172,"column":4},"end":{"line":172,"column":80}},{"start":{},"end":{}}],"line":172}},"s":{"0":0,"1":0,"2":0,"3":0,"4":0,"5":0,"6":0,"7":0,"8":0,"9":0,"10":0,"11":0,"12":0,"13":0,"14":0,"15":0,"16":0,"17":0,"18":0,"19":0,"20":0,"21":0,"22":0,"23":0,"24":0,"25":0,"26":0,"27":0,"28":0,"29":0,"30":0,"31":0,"32":0,"33":0,"34":0,"35":0,"36":0,"37":0,"38":0,"39":0,"40":0,"41":0,"42":0,"43":0,"44":0,"45":0,"46":0,"47":0,"48":0,"49":0,"50":0,"51":0,"52":0,"53":0,"54":0,"55":0,"56":0,"57":0,"58":0,"59":0,"60":0,"61":0,"62":0,"63":0,"64":0,"65":0,"66":0,"67":0,"68":0,"69":0,"70":0,"71":0,"72":0,"73":0,"74":0,"75":0,"76":0,"77":0,"78":0},"f":{"0":0,"1":0,"2":0,"3":0,"4":0,"5":0,"6":0,"7":0,"8":0,"9":0,"10":0,"11":0},"b":{"0":[0,0],"1":[0,0],"2":[0,0,0],"3":[0,0],"4":[0,0],"5":[0,0],"6":[0,0],"7":[0,0],"8":[0,0],"9":[0,0],"10":[0,0],"11":[0,0],"12":[0,0],"13":[0,0],"14":[0,0],"15":[0,0],"16":[0,0],"17":[0,0],"18":[0,0],"19":[0,0]}}
,"C:\\Code\\Python\\Fullstack\\FullstackProject\\server\\routes\\users.js": {"path":"C:\\Code\\Python\\Fullstack\\FullstackProject\\server\\routes\\users.js","statementMap":{"0":{"start":{"line":4,"column":15},"end":{"line":4,"column":31}},"1":{"start":{"line":8,"column":0},"end":{"line":64,"column":3}},"2":{"start":{"line":9,"column":4},"end":{"line":63,"column":5}},"3":{"start":{"line":11,"column":25},"end":{"line":11,"column":50}},"4":{"start":{"line":12,"column":22},"end":{"line":12,"column":44}},"5":{"start":{"line":13,"column":25},"end":{"line":13,"column":42}},"6":{"start":{"line":14,"column":26},"end":{"line":14,"column":52}},"7":{"start":{"line":15,"column":25},"end":{"line":15,"column":50}},"8":{"start":{"line":16,"column":8},"end":{"line":18,"column":9}},"9":{"start":{"line":17,"column":12},"end":{"line":17,"column":78}},"10":{"start":{"line":21,"column":8},"end":{"line":23,"column":9}},"11":{"start":{"line":22,"column":12},"end":{"line":22,"column":128}},"12":{"start":{"line":24,"column":8},"end":{"line":26,"column":9}},"13":{"start":{"line":25,"column":12},"end":{"line":25,"column":75}},"14":{"start":{"line":29,"column":29},"end":{"line":29,"column":80}},"15":{"start":{"line":30,"column":8},"end":{"line":32,"column":9}},"16":{"start":{"line":31,"column":12},"end":{"line":31,"column":78}},"17":{"start":{"line":35,"column":8},"end":{"line":37,"column":9}},"18":{"start":{"line":36,"column":12},"end":{"line":36,"column":99}},"19":{"start":{"line":39,"column":30},"end":{"line":39,"column":75}},"20":{"start":{"line":40,"column":8},"end":{"line":42,"column":9}},"21":{"start":{"line":41,"column":12},"end":{"line":41,"column":75}},"22":{"start":{"line":45,"column":8},"end":{"line":47,"column":9}},"23":{"start":{"line":46,"column":12},"end":{"line":46,"column":93}},"24":{"start":{"line":49,"column":21},"end":{"line":56,"column":10}},"25":{"start":{"line":58,"column":8},"end":{"line":58,"column":26}},"26":{"start":{"line":59,"column":8},"end":{"line":59,"column":35}},"27":{"start":{"line":62,"column":8},"end":{"line":62,"column":74}},"28":{"start":{"line":67,"column":0},"end":{"line":76,"column":3}},"29":{"start":{"line":68,"column":4},"end":{"line":75,"column":5}},"30":{"start":{"line":69,"column":21},"end":{"line":70,"column":32}},"31":{"start":{"line":71,"column":8},"end":{"line":71,"column":78}},"32":{"start":{"line":71,"column":19},"end":{"line":71,"column":78}},"33":{"start":{"line":72,"column":8},"end":{"line":72,"column":35}},"34":{"start":{"line":74,"column":8},"end":{"line":74,"column":53}},"35":{"start":{"line":79,"column":0},"end":{"line":88,"column":3}},"36":{"start":{"line":80,"column":4},"end":{"line":87,"column":5}},"37":{"start":{"line":81,"column":21},"end":{"line":82,"column":32}},"38":{"start":{"line":83,"column":8},"end":{"line":83,"column":76}},"39":{"start":{"line":83,"column":19},"end":{"line":83,"column":76}},"40":{"start":{"line":84,"column":8},"end":{"line":84,"column":35}},"41":{"start":{"line":86,"column":8},"end":{"line":86,"column":53}}},"fnMap":{"0":{"name":"(anonymous_0)","decl":{"start":{"line":8,"column":17},"end":{"line":8,"column":18}},"loc":{"start":{"line":8,"column":37},"end":{"line":64,"column":1}},"line":8},"1":{"name":"(anonymous_1)","decl":{"start":{"line":67,"column":22},"end":{"line":67,"column":23}},"loc":{"start":{"line":67,"column":42},"end":{"line":76,"column":1}},"line":67},"2":{"name":"(anonymous_2)","decl":{"start":{"line":79,"column":34},"end":{"line":79,"column":35}},"loc":{"start":{"line":79,"column":54},"end":{"line":88,"column":1}},"line":79}},"branchMap":{"0":{"loc":{"start":{"line":16,"column":8},"end":{"line":18,"column":9}},"type":"if","locations":[{"start":{"line":16,"column":8},"end":{"line":18,"column":9}},{"start":{},"end":{}}],"line":16},"1":{"loc":{"start":{"line":16,"column":12},"end":{"line":16,"column":71}},"type":"binary-expr","locations":[{"start":{"line":16,"column":12},"end":{"line":16,"column":21}},{"start":{"line":16,"column":25},"end":{"line":16,"column":31}},{"start":{"line":16,"column":35},"end":{"line":16,"column":44}},{"start":{"line":16,"column":48},"end":{"line":16,"column":58}},{"start":{"line":16,"column":62},"end":{"line":16,"column":71}}],"line":16},"2":{"loc":{"start":{"line":21,"column":8},"end":{"line":23,"column":9}},"type":"if","locations":[{"start":{"line":21,"column":8},"end":{"line":23,"column":9}},{"start":{},"end":{}}],"line":21},"3":{"loc":{"start":{"line":21,"column":12},"end":{"line":21,"column":91}},"type":"binary-expr","locations":[{"start":{"line":21,"column":12},"end":{"line":21,"column":44}},{"start":{"line":21,"column":48},"end":{"line":21,"column":67}},{"start":{"line":21,"column":71},"end":{"line":21,"column":91}}],"line":21},"4":{"loc":{"start":{"line":24,"column":8},"end":{"line":26,"column":9}},"type":"if","locations":[{"start":{"line":24,"column":8},"end":{"line":26,"column":9}},{"start":{},"end":{}}],"line":24},"5":{"loc":{"start":{"line":30,"column":8},"end":{"line":32,"column":9}},"type":"if","locations":[{"start":{"line":30,"column":8},"end":{"line":32,"column":9}},{"start":{},"end":{}}],"line":30},"6":{"loc":{"start":{"line":35,"column":8},"end":{"line":37,"column":9}},"type":"if","locations":[{"start":{"line":35,"column":8},"end":{"line":37,"column":9}},{"start":{},"end":{}}],"line":35},"7":{"loc":{"start":{"line":35,"column":12},"end":{"line":35,"column":55}},"type":"binary-expr","locations":[{"start":{"line":35,"column":12},"end":{"line":35,"column":31}},{"start":{"line":35,"column":35},"end":{"line":35,"column":55}}],"line":35},"8":{"loc":{"start":{"line":40,"column":8},"end":{"line":42,"column":9}},"type":"if","locations":[{"start":{"line":40,"column":8},"end":{"line":42,"column":9}},{"start":{},"end":{}}],"line":40},"9":{"loc":{"start":{"line":45,"column":8},"end":{"line":47,"column":9}},"type":"if","locations":[{"start":{"line":45,"column":8},"end":{"line":47,"column":9}},{"start":{},"end":{}}],"line":45},"10":{"loc":{"start":{"line":71,"column":8},"end":{"line":71,"column":78}},"type":"if","locations":[{"start":{"line":71,"column":8},"end":{"line":71,"column":78}},{"start":{},"end":{}}],"line":71},"11":{"loc":{"start":{"line":83,"column":8},"end":{"line":83,"column":76}},"type":"if","locations":[{"start":{"line":83,"column":8},"end":{"line":83,"column":76}},{"start":{},"end":{}}],"line":83}},"s":{"0":1,"1":1,"2":8,"3":8,"4":8,"5":8,"6":8,"7":8,"8":8,"9":1,"10":7,"11":1,"12":6,"13":1,"14":5,"15":4,"16":1,"17":3,"18":0,"19":3,"20":3,"21":1,"22":2,"23":1,"24":1,"25":1,"26":1,"27":1,"28":1,"29":0,"30":0,"31":0,"32":0,"33":0,"34":0,"35":1,"36":0,"37":0,"38":0,"39":0,"40":0,"41":0},"f":{"0":8,"1":0,"2":0},"b":{"0":[1,7],"1":[8,7,7,7,7],"2":[1,6],"3":[7,6,6],"4":[1,5],"5":[1,3],"6":[0,3],"7":[3,3],"8":[1,2],"9":[1,1],"10":[0,0],"11":[0,0]},"_coverageSchema":"1a1c01bbd47fc00a2c39e90264f33305004495a9","hash":"1734158637520e8e69da673155763cd189558e36"}
}
