{"C:\\Code\\Python\\Fullstack\\FullstackProject\\server\\middlewares\\adminAuth.js": {"path":"C:\\Code\\Python\\Fullstack\\FullstackProject\\server\\middlewares\\adminAuth.js","statementMap":{"0":{"start":{"line":5,"column":27},"end":{"line":17,"column":1}},"1":{"start":{"line":6,"column":16},"end":{"line":6,"column":33}},"2":{"start":{"line":7,"column":2},"end":{"line":7,"column":74}},"3":{"start":{"line":7,"column":14},"end":{"line":7,"column":74}},"4":{"start":{"line":10,"column":2},"end":{"line":16,"column":3}},"5":{"start":{"line":11,"column":20},"end":{"line":11,"column":61}},"6":{"start":{"line":12,"column":4},"end":{"line":12,"column":23}},"7":{"start":{"line":13,"column":4},"end":{"line":13,"column":11}},"8":{"start":{"line":15,"column":4},"end":{"line":15,"column":60}},"9":{"start":{"line":20,"column":28},"end":{"line":30,"column":1}},"10":{"start":{"line":21,"column":2},"end":{"line":29,"column":3}},"11":{"start":{"line":22,"column":17},"end":{"line":22,"column":49}},"12":{"start":{"line":23,"column":4},"end":{"line":25,"column":5}},"13":{"start":{"line":24,"column":6},"end":{"line":24,"column":76}},"14":{"start":{"line":26,"column":4},"end":{"line":26,"column":11}},"15":{"start":{"line":28,"column":4},"end":{"line":28,"column":52}}},"fnMap":{"0":{"name":"(anonymous_0)","decl":{"start":{"line":5,"column":27},"end":{"line":5,"column":28}},"loc":{"start":{"line":5,"column":47},"end":{"line":17,"column":1}},"line":5},"1":{"name":"(anonymous_1)","decl":{"start":{"line":20,"column":28},"end":{"line":20,"column":29}},"loc":{"start":{"line":20,"column":54},"end":{"line":30,"column":1}},"line":20}},"branchMap":{"0":{"loc":{"start":{"line":7,"column":2},"end":{"line":7,"column":74}},"type":"if","locations":[{"start":{"line":7,"column":2},"end":{"line":7,"column":74}},{"start":{},"end":{}}],"line":7},"1":{"loc":{"start":{"line":23,"column":4},"end":{"line":25,"column":5}},"type":"if","locations":[{"start":{"line":23,"column":4},"end":{"line":25,"column":5}},{"start":{},"end":{}}],"line":23},"2":{"loc":{"start":{"line":23,"column":8},"end":{"line":23,"column":30}},"type":"binary-expr","locations":[{"start":{"line":23,"column":8},"end":{"line":23,"column":13}},{"start":{"line":23,"column":17},"end":{"line":23,"column":30}}],"line":23}},"s":{"0":0,"1":0,"2":0,"3":0,"4":0,"5":0,"6":0,"7":0,"8":0,"9":0,"10":0,"11":0,"12":0,"13":0,"14":0,"15":0},"f":{"0":0,"1":0},"b":{"0":[0,0],"1":[0,0],"2":[0,0]}}
,"C:\\Code\\Python\\Fullstack\\FullstackProject\\server\\middlewares\\upload.js": {"path":"C:\\Code\\Python\\Fullstack\\FullstackProject\\server\\middlewares\\upload.js","statementMap":{"0":{"start":{"line":6,"column":18},"end":{"line":6,"column":29}},"1":{"start":{"line":7,"column":1},"end":{"line":9,"column":2}},"2":{"start":{"line":8,"column":1},"end":{"line":8,"column":46}},"3":{"start":{"line":12,"column":16},"end":{"line":22,"column":2}},"4":{"start":{"line":14,"column":1},"end":{"line":14,"column":21}},"5":{"start":{"line":18,"column":21},"end":{"line":18,"column":71}},"6":{"start":{"line":19,"column":13},"end":{"line":19,"column":44}},"7":{"start":{"line":20,"column":1},"end":{"line":20,"column":41}},"8":{"start":{"line":25,"column":19},"end":{"line":33,"column":2}},"9":{"start":{"line":26,"column":26},"end":{"line":27,"column":12}},"10":{"start":{"line":28,"column":1},"end":{"line":32,"column":2}},"11":{"start":{"line":29,"column":1},"end":{"line":29,"column":16}},"12":{"start":{"line":31,"column":1},"end":{"line":31,"column":96}},"13":{"start":{"line":36,"column":22},"end":{"line":42,"column":3}}},"fnMap":{"0":{"name":"(anonymous_0)","decl":{"start":{"line":13,"column":14},"end":{"line":13,"column":15}},"loc":{"start":{"line":13,"column":33},"end":{"line":15,"column":2}},"line":13},"1":{"name":"(anonymous_1)","decl":{"start":{"line":17,"column":11},"end":{"line":17,"column":12}},"loc":{"start":{"line":17,"column":30},"end":{"line":21,"column":2}},"line":17},"2":{"name":"(anonymous_2)","decl":{"start":{"line":25,"column":19},"end":{"line":25,"column":20}},"loc":{"start":{"line":25,"column":38},"end":{"line":33,"column":2}},"line":25}},"branchMap":{"0":{"loc":{"start":{"line":7,"column":1},"end":{"line":9,"column":2}},"type":"if","locations":[{"start":{"line":7,"column":1},"end":{"line":9,"column":2}},{"start":{},"end":{}}],"line":7},"1":{"loc":{"start":{"line":28,"column":1},"end":{"line":32,"column":2}},"type":"if","locations":[{"start":{"line":28,"column":1},"end":{"line":32,"column":2}},{"start":{"line":30,"column":8},"end":{"line":32,"column":2}}],"line":28}},"s":{"0":0,"1":0,"2":0,"3":0,"4":0,"5":0,"6":0,"7":0,"8":0,"9":0,"10":0,"11":0,"12":0,"13":0},"f":{"0":0,"1":0,"2":0},"b":{"0":[0,0],"1":[0,0]}}
,"C:\\Code\\Python\\Fullstack\\FullstackProject\\server\\models\\Comment.js": {"path":"C:\\Code\\Python\\Fullstack\\FullstackProject\\server\\models\\Comment.js","statementMap":{"0":{"start":{"line":3,"column":22},"end":{"line":10,"column":24}},"1":{"start":{"line":13,"column":16},"end":{"line":13,"column":56}}},"fnMap":{},"branchMap":{},"s":{"0":3,"1":3},"f":{},"b":{},"_coverageSchema":"1a1c01bbd47fc00a2c39e90264f33305004495a9","hash":"069e8fedd19bab5579c5e2f6bdb79066cadd54f6"}
,"C:\\Code\\Python\\Fullstack\\FullstackProject\\server\\models\\Post.js": {"path":"C:\\Code\\Python\\Fullstack\\FullstackProject\\server\\models\\Post.js","statementMap":{"0":{"start":{"line":8,"column":19},"end":{"line":33,"column":1}},"1":{"start":{"line":35,"column":0},"end":{"line":42,"column":2}},"2":{"start":{"line":36,"column":2},"end":{"line":41,"column":3}},"3":{"start":{"line":37,"column":18},"end":{"line":37,"column":68}},"4":{"start":{"line":37,"column":50},"end":{"line":37,"column":64}},"5":{"start":{"line":38,"column":4},"end":{"line":38,"column":53}},"6":{"start":{"line":40,"column":4},"end":{"line":40,"column":27}},"7":{"start":{"line":44,"column":0},"end":{"line":54,"column":2}},"8":{"start":{"line":45,"column":2},"end":{"line":45,"column":37}},"9":{"start":{"line":47,"column":16},"end":{"line":47,"column":26}},"10":{"start":{"line":48,"column":19},"end":{"line":48,"column":51}},"11":{"start":{"line":49,"column":2},"end":{"line":49,"column":47}},"12":{"start":{"line":49,"column":25},"end":{"line":49,"column":47}},"13":{"start":{"line":50,"column":2},"end":{"line":52,"column":75}},"14":{"start":{"line":53,"column":2},"end":{"line":53,"column":20}},"15":{"start":{"line":56,"column":13},"end":{"line":56,"column":47}}},"fnMap":{"0":{"name":"(anonymous_0)","decl":{"start":{"line":35,"column":41},"end":{"line":35,"column":42}},"loc":{"start":{"line":35,"column":53},"end":{"line":42,"column":1}},"line":35},"1":{"name":"(anonymous_1)","decl":{"start":{"line":37,"column":38},"end":{"line":37,"column":39}},"loc":{"start":{"line":37,"column":50},"end":{"line":37,"column":64}},"line":37},"2":{"name":"(anonymous_2)","decl":{"start":{"line":44,"column":36},"end":{"line":44,"column":37}},"loc":{"start":{"line":44,"column":54},"end":{"line":54,"column":1}},"line":44}},"branchMap":{"0":{"loc":{"start":{"line":36,"column":2},"end":{"line":41,"column":3}},"type":"if","locations":[{"start":{"line":36,"column":2},"end":{"line":41,"column":3}},{"start":{"line":39,"column":9},"end":{"line":41,"column":3}}],"line":36},"1":{"loc":{"start":{"line":45,"column":16},"end":{"line":45,"column":31}},"type":"binary-expr","locations":[{"start":{"line":45,"column":16},"end":{"line":45,"column":26}},{"start":{"line":45,"column":30},"end":{"line":45,"column":31}}],"line":45},"2":{"loc":{"start":{"line":49,"column":2},"end":{"line":49,"column":47}},"type":"if","locations":[{"start":{"line":49,"column":2},"end":{"line":49,"column":47}},{"start":{},"end":{}}],"line":49},"3":{"loc":{"start":{"line":50,"column":2},"end":{"line":52,"column":74}},"type":"cond-expr","locations":[{"start":{"line":51,"column":6},"end":{"line":51,"column":79}},{"start":{"line":52,"column":7},"end":{"line":52,"column":73}}],"line":50},"4":{"loc":{"start":{"line":51,"column":38},"end":{"line":51,"column":73}},"type":"binary-expr","locations":[{"start":{"line":51,"column":38},"end":{"line":51,"column":68}},{"start":{"line":51,"column":72},"end":{"line":51,"column":73}}],"line":51},"5":{"loc":{"start":{"line":52,"column":37},"end":{"line":52,"column":68}},"type":"binary-expr","locations":[{"start":{"line":52,"column":37},"end":{"line":52,"column":63}},{"start":{"line":52,"column":67},"end":{"line":52,"column":68}}],"line":52}},"s":{"0":2,"1":2,"2":0,"3":0,"4":0,"5":0,"6":0,"7":2,"8":0,"9":0,"10":0,"11":0,"12":0,"13":0,"14":0,"15":2},"f":{"0":0,"1":0,"2":0},"b":{"0":[0,0],"1":[0,0],"2":[0,0],"3":[0,0],"4":[0,0],"5":[0,0]},"_coverageSchema":"1a1c01bbd47fc00a2c39e90264f33305004495a9","hash":"032d7ef61e0de7e74d82898676d5c5acd78ea026"}
,"C:\\Code\\Python\\Fullstack\\FullstackProject\\server\\models\\User.js": {"path":"C:\\Code\\Python\\Fullstack\\FullstackProject\\server\\models\\User.js","statementMap":{"0":{"start":{"line":4,"column":19},"end":{"line":17,"column":1}},"1":{"start":{"line":20,"column":0},"end":{"line":29,"column":3}},"2":{"start":{"line":21,"column":2},"end":{"line":21,"column":50}},"3":{"start":{"line":21,"column":36},"end":{"line":21,"column":50}},"4":{"start":{"line":22,"column":2},"end":{"line":28,"column":3}},"5":{"start":{"line":23,"column":17},"end":{"line":23,"column":41}},"6":{"start":{"line":24,"column":4},"end":{"line":24,"column":59}},"7":{"start":{"line":25,"column":4},"end":{"line":25,"column":11}},"8":{"start":{"line":27,"column":4},"end":{"line":27,"column":16}},"9":{"start":{"line":32,"column":0},"end":{"line":38,"column":2}},"10":{"start":{"line":33,"column":2},"end":{"line":37,"column":3}},"11":{"start":{"line":34,"column":4},"end":{"line":34,"column":57}},"12":{"start":{"line":36,"column":4},"end":{"line":36,"column":27}},"13":{"start":{"line":41,"column":0},"end":{"line":47,"column":5}},"14":{"start":{"line":42,"column":4},"end":{"line":46,"column":5}},"15":{"start":{"line":43,"column":8},"end":{"line":43,"column":48}},"16":{"start":{"line":45,"column":8},"end":{"line":45,"column":31}},"17":{"start":{"line":49,"column":13},"end":{"line":49,"column":47}}},"fnMap":{"0":{"name":"(anonymous_0)","decl":{"start":{"line":20,"column":23},"end":{"line":20,"column":24}},"loc":{"start":{"line":20,"column":45},"end":{"line":29,"column":1}},"line":20},"1":{"name":"(anonymous_1)","decl":{"start":{"line":32,"column":37},"end":{"line":32,"column":38}},"loc":{"start":{"line":32,"column":63},"end":{"line":38,"column":1}},"line":32},"2":{"name":"(anonymous_2)","decl":{"start":{"line":41,"column":36},"end":{"line":41,"column":37}},"loc":{"start":{"line":41,"column":62},"end":{"line":47,"column":5}},"line":41}},"branchMap":{"0":{"loc":{"start":{"line":21,"column":2},"end":{"line":21,"column":50}},"type":"if","locations":[{"start":{"line":21,"column":2},"end":{"line":21,"column":50}},{"start":{},"end":{}}],"line":21}},"s":{"0":5,"1":5,"2":3,"3":0,"4":3,"5":3,"6":3,"7":3,"8":0,"9":5,"10":0,"11":0,"12":0,"13":5,"14":0,"15":0,"16":0,"17":5},"f":{"0":3,"1":0,"2":0},"b":{"0":[0,3]},"_coverageSchema":"1a1c01bbd47fc00a2c39e90264f33305004495a9","hash":"8ebef8de05a8a0742856ad0071dd4e7924b1fc01"}
,"C:\\Code\\Python\\Fullstack\\FullstackProject\\server\\routes\\auth.js": {"path":"C:\\Code\\Python\\Fullstack\\FullstackProject\\server\\routes\\auth.js","statementMap":{"0":{"start":{"line":7,"column":15},"end":{"line":7,"column":31}},"1":{"start":{"line":9,"column":0},"end":{"line":49,"column":2}},"2":{"start":{"line":10,"column":35},"end":{"line":10,"column":43}},"3":{"start":{"line":13,"column":4},"end":{"line":15,"column":5}},"4":{"start":{"line":14,"column":8},"end":{"line":14,"column":79}},"5":{"start":{"line":18,"column":17},"end":{"line":18,"column":47}},"6":{"start":{"line":19,"column":4},"end":{"line":21,"column":5}},"7":{"start":{"line":20,"column":8},"end":{"line":20,"column":68}},"8":{"start":{"line":24,"column":18},"end":{"line":24,"column":63}},"9":{"start":{"line":25,"column":4},"end":{"line":27,"column":5}},"10":{"start":{"line":26,"column":8},"end":{"line":26,"column":77}},"11":{"start":{"line":31,"column":18},"end":{"line":39,"column":5}},"12":{"start":{"line":41,"column":4},"end":{"line":46,"column":6}},"13":{"start":{"line":48,"column":4},"end":{"line":48,"column":142}},"14":{"start":{"line":52,"column":0},"end":{"line":78,"column":3}},"15":{"start":{"line":53,"column":4},"end":{"line":53,"column":61}},"16":{"start":{"line":54,"column":18},"end":{"line":54,"column":35}},"17":{"start":{"line":56,"column":4},"end":{"line":59,"column":5}},"18":{"start":{"line":57,"column":8},"end":{"line":57,"column":38}},"19":{"start":{"line":58,"column":8},"end":{"line":58,"column":64}},"20":{"start":{"line":61,"column":4},"end":{"line":77,"column":5}},"21":{"start":{"line":62,"column":21},"end":{"line":62,"column":62}},"22":{"start":{"line":63,"column":8},"end":{"line":63,"column":57}},"23":{"start":{"line":66,"column":48},"end":{"line":66,"column":52}},"24":{"start":{"line":69,"column":8},"end":{"line":71,"column":9}},"25":{"start":{"line":70,"column":12},"end":{"line":70,"column":45}},"26":{"start":{"line":73,"column":8},"end":{"line":73,"column":50}},"27":{"start":{"line":75,"column":8},"end":{"line":75,"column":58}},"28":{"start":{"line":76,"column":8},"end":{"line":76,"column":68}},"29":{"start":{"line":81,"column":0},"end":{"line":84,"column":2}},"30":{"start":{"line":82,"column":4},"end":{"line":82,"column":29}},"31":{"start":{"line":83,"column":4},"end":{"line":83,"column":45}}},"fnMap":{"0":{"name":"(anonymous_0)","decl":{"start":{"line":9,"column":22},"end":{"line":9,"column":23}},"loc":{"start":{"line":9,"column":42},"end":{"line":49,"column":1}},"line":9},"1":{"name":"(anonymous_1)","decl":{"start":{"line":52,"column":18},"end":{"line":52,"column":19}},"loc":{"start":{"line":52,"column":32},"end":{"line":78,"column":1}},"line":52},"2":{"name":"(anonymous_2)","decl":{"start":{"line":81,"column":23},"end":{"line":81,"column":24}},"loc":{"start":{"line":81,"column":37},"end":{"line":84,"column":1}},"line":81}},"branchMap":{"0":{"loc":{"start":{"line":13,"column":4},"end":{"line":15,"column":5}},"type":"if","locations":[{"start":{"line":13,"column":4},"end":{"line":15,"column":5}},{"start":{},"end":{}}],"line":13},"1":{"loc":{"start":{"line":13,"column":7},"end":{"line":13,"column":29}},"type":"binary-expr","locations":[{"start":{"line":13,"column":7},"end":{"line":13,"column":16}},{"start":{"line":13,"column":20},"end":{"line":13,"column":29}}],"line":13},"2":{"loc":{"start":{"line":19,"column":4},"end":{"line":21,"column":5}},"type":"if","locations":[{"start":{"line":19,"column":4},"end":{"line":21,"column":5}},{"start":{},"end":{}}],"line":19},"3":{"loc":{"start":{"line":25,"column":4},"end":{"line":27,"column":5}},"type":"if","locations":[{"start":{"line":25,"column":4},"end":{"line":27,"column":5}},{"start":{},"end":{}}],"line":25},"4":{"loc":{"start":{"line":56,"column":4},"end":{"line":59,"column":5}},"type":"if","locations":[{"start":{"line":56,"column":4},"end":{"line":59,"column":5}},{"start":{},"end":{}}],"line":56},"5":{"loc":{"start":{"line":69,"column":8},"end":{"line":71,"column":9}},"type":"if","locations":[{"start":{"line":69,"column":8},"end":{"line":71,"column":9}},{"start":{},"end":{}}],"line":69}},"s":{"0":1,"1":1,"2":2,"3":2,"4":0,"5":2,"6":2,"7":0,"8":2,"9":2,"10":2,"11":0,"12":0,"13":0,"14":1,"15":3,"16":3,"17":3,"18":1,"19":1,"20":2,"21":2,"22":1,"23":1,"24":1,"25":1,"26":1,"27":1,"28":1,"29":1,"30":0,"31":0},"f":{"0":2,"1":3,"2":0},"b":{"0":[0,2],"1":[2,2],"2":[0,2],"3":[2,0],"4":[1,2],"5":[1,0]},"_coverageSchema":"1a1c01bbd47fc00a2c39e90264f33305004495a9","hash":"86fce3e1cc62172d412d7f03865ab58029f6967f"}
,"C:\\Code\\Python\\Fullstack\\FullstackProject\\server\\routes\\comments.js": {"path":"C:\\Code\\Python\\Fullstack\\FullstackProject\\server\\routes\\comments.js","statementMap":{"0":{"start":{"line":6,"column":15},"end":{"line":6,"column":31}},"1":{"start":{"line":9,"column":20},"end":{"line":20,"column":1}},"2":{"start":{"line":10,"column":16},"end":{"line":10,"column":33}},"3":{"start":{"line":11,"column":2},"end":{"line":11,"column":74}},"4":{"start":{"line":11,"column":14},"end":{"line":11,"column":74}},"5":{"start":{"line":13,"column":2},"end":{"line":19,"column":3}},"6":{"start":{"line":14,"column":20},"end":{"line":14,"column":61}},"7":{"start":{"line":15,"column":4},"end":{"line":15,"column":23}},"8":{"start":{"line":16,"column":4},"end":{"line":16,"column":11}},"9":{"start":{"line":18,"column":4},"end":{"line":18,"column":60}},"10":{"start":{"line":23,"column":0},"end":{"line":59,"column":3}},"11":{"start":{"line":24,"column":2},"end":{"line":58,"column":3}},"12":{"start":{"line":25,"column":47},"end":{"line":25,"column":55}},"13":{"start":{"line":27,"column":4},"end":{"line":29,"column":5}},"14":{"start":{"line":28,"column":6},"end":{"line":28,"column":81}},"15":{"start":{"line":31,"column":17},"end":{"line":31,"column":44}},"16":{"start":{"line":32,"column":4},"end":{"line":34,"column":5}},"17":{"start":{"line":33,"column":6},"end":{"line":33,"column":63}},"18":{"start":{"line":36,"column":4},"end":{"line":41,"column":5}},"19":{"start":{"line":37,"column":28},"end":{"line":37,"column":58}},"20":{"start":{"line":38,"column":6},"end":{"line":40,"column":7}},"21":{"start":{"line":39,"column":8},"end":{"line":39,"column":75}},"22":{"start":{"line":43,"column":23},"end":{"line":48,"column":6}},"23":{"start":{"line":50,"column":4},"end":{"line":50,"column":28}},"24":{"start":{"line":51,"column":4},"end":{"line":51,"column":55}},"25":{"start":{"line":52,"column":4},"end":{"line":52,"column":22}},"26":{"start":{"line":54,"column":22},"end":{"line":54,"column":67}},"27":{"start":{"line":55,"column":4},"end":{"line":55,"column":36}},"28":{"start":{"line":57,"column":4},"end":{"line":57,"column":70}},"29":{"start":{"line":62,"column":0},"end":{"line":77,"column":3}},"30":{"start":{"line":63,"column":2},"end":{"line":76,"column":3}},"31":{"start":{"line":64,"column":23},"end":{"line":64,"column":33}},"32":{"start":{"line":65,"column":4},"end":{"line":67,"column":5}},"33":{"start":{"line":66,"column":6},"end":{"line":66,"column":68}},"34":{"start":{"line":69,"column":21},"end":{"line":71,"column":30}},"35":{"start":{"line":73,"column":4},"end":{"line":73,"column":35}},"36":{"start":{"line":75,"column":4},"end":{"line":75,"column":70}},"37":{"start":{"line":80,"column":0},"end":{"line":106,"column":3}},"38":{"start":{"line":81,"column":2},"end":{"line":105,"column":3}},"39":{"start":{"line":82,"column":19},"end":{"line":82,"column":29}},"40":{"start":{"line":83,"column":24},"end":{"line":83,"column":32}},"41":{"start":{"line":85,"column":4},"end":{"line":87,"column":5}},"42":{"start":{"line":86,"column":6},"end":{"line":86,"column":68}},"43":{"start":{"line":89,"column":20},"end":{"line":89,"column":46}},"44":{"start":{"line":90,"column":4},"end":{"line":92,"column":5}},"45":{"start":{"line":91,"column":6},"end":{"line":91,"column":66}},"46":{"start":{"line":94,"column":4},"end":{"line":96,"column":5}},"47":{"start":{"line":95,"column":6},"end":{"line":95,"column":84}},"48":{"start":{"line":98,"column":4},"end":{"line":98,"column":30}},"49":{"start":{"line":99,"column":4},"end":{"line":99,"column":25}},"50":{"start":{"line":101,"column":22},"end":{"line":101,"column":64}},"51":{"start":{"line":102,"column":4},"end":{"line":102,"column":36}},"52":{"start":{"line":104,"column":4},"end":{"line":104,"column":70}},"53":{"start":{"line":109,"column":0},"end":{"line":135,"column":3}},"54":{"start":{"line":110,"column":2},"end":{"line":134,"column":3}},"55":{"start":{"line":111,"column":19},"end":{"line":111,"column":29}},"56":{"start":{"line":112,"column":20},"end":{"line":112,"column":46}},"57":{"start":{"line":114,"column":4},"end":{"line":116,"column":5}},"58":{"start":{"line":115,"column":6},"end":{"line":115,"column":66}},"59":{"start":{"line":118,"column":4},"end":{"line":120,"column":5}},"60":{"start":{"line":119,"column":6},"end":{"line":119,"column":86}},"61":{"start":{"line":122,"column":4},"end":{"line":122,"column":54}},"62":{"start":{"line":123,"column":4},"end":{"line":123,"column":30}},"63":{"start":{"line":125,"column":17},"end":{"line":125,"column":50}},"64":{"start":{"line":126,"column":4},"end":{"line":129,"column":5}},"65":{"start":{"line":127,"column":6},"end":{"line":127,"column":70}},"66":{"start":{"line":128,"column":6},"end":{"line":128,"column":24}},"67":{"start":{"line":131,"column":4},"end":{"line":131,"column":86}},"68":{"start":{"line":133,"column":4},"end":{"line":133,"column":70}},"69":{"start":{"line":138,"column":0},"end":{"line":173,"column":3}},"70":{"start":{"line":139,"column":2},"end":{"line":172,"column":3}},"71":{"start":{"line":140,"column":19},"end":{"line":140,"column":29}},"72":{"start":{"line":141,"column":21},"end":{"line":141,"column":29}},"73":{"start":{"line":142,"column":19},"end":{"line":142,"column":30}},"74":{"start":{"line":144,"column":4},"end":{"line":146,"column":5}},"75":{"start":{"line":145,"column":6},"end":{"line":145,"column":66}},"76":{"start":{"line":148,"column":20},"end":{"line":148,"column":46}},"77":{"start":{"line":149,"column":4},"end":{"line":151,"column":5}},"78":{"start":{"line":150,"column":6},"end":{"line":150,"column":66}},"79":{"start":{"line":154,"column":4},"end":{"line":154,"column":75}},"80":{"start":{"line":154,"column":48},"end":{"line":154,"column":73}},"81":{"start":{"line":155,"column":4},"end":{"line":155,"column":81}},"82":{"start":{"line":155,"column":54},"end":{"line":155,"column":79}},"83":{"start":{"line":158,"column":4},"end":{"line":162,"column":5}},"84":{"start":{"line":159,"column":6},"end":{"line":159,"column":33}},"85":{"start":{"line":160,"column":11},"end":{"line":162,"column":5}},"86":{"start":{"line":161,"column":6},"end":{"line":161,"column":36}},"87":{"start":{"line":164,"column":4},"end":{"line":164,"column":25}},"88":{"start":{"line":166,"column":4},"end":{"line":169,"column":7}},"89":{"start":{"line":171,"column":4},"end":{"line":171,"column":70}}},"fnMap":{"0":{"name":"(anonymous_0)","decl":{"start":{"line":9,"column":20},"end":{"line":9,"column":21}},"loc":{"start":{"line":9,"column":40},"end":{"line":20,"column":1}},"line":9},"1":{"name":"(anonymous_1)","decl":{"start":{"line":23,"column":30},"end":{"line":23,"column":31}},"loc":{"start":{"line":23,"column":50},"end":{"line":59,"column":1}},"line":23},"2":{"name":"(anonymous_2)","decl":{"start":{"line":62,"column":28},"end":{"line":62,"column":29}},"loc":{"start":{"line":62,"column":48},"end":{"line":77,"column":1}},"line":62},"3":{"name":"(anonymous_3)","decl":{"start":{"line":80,"column":32},"end":{"line":80,"column":33}},"loc":{"start":{"line":80,"column":52},"end":{"line":106,"column":1}},"line":80},"4":{"name":"(anonymous_4)","decl":{"start":{"line":109,"column":35},"end":{"line":109,"column":36}},"loc":{"start":{"line":109,"column":55},"end":{"line":135,"column":1}},"line":109},"5":{"name":"(anonymous_5)","decl":{"start":{"line":138,"column":38},"end":{"line":138,"column":39}},"loc":{"start":{"line":138,"column":58},"end":{"line":173,"column":1}},"line":138},"6":{"name":"(anonymous_6)","decl":{"start":{"line":154,"column":41},"end":{"line":154,"column":42}},"loc":{"start":{"line":154,"column":48},"end":{"line":154,"column":73}},"line":154},"7":{"name":"(anonymous_7)","decl":{"start":{"line":155,"column":47},"end":{"line":155,"column":48}},"loc":{"start":{"line":155,"column":54},"end":{"line":155,"column":79}},"line":155}},"branchMap":{"0":{"loc":{"start":{"line":11,"column":2},"end":{"line":11,"column":74}},"type":"if","locations":[{"start":{"line":11,"column":2},"end":{"line":11,"column":74}},{"start":{},"end":{}}],"line":11},"1":{"loc":{"start":{"line":25,"column":29},"end":{"line":25,"column":42}},"type":"default-arg","locations":[{"start":{"line":25,"column":38},"end":{"line":25,"column":42}}],"line":25},"2":{"loc":{"start":{"line":27,"column":4},"end":{"line":29,"column":5}},"type":"if","locations":[{"start":{"line":27,"column":4},"end":{"line":29,"column":5}},{"start":{},"end":{}}],"line":27},"3":{"loc":{"start":{"line":27,"column":8},"end":{"line":27,"column":27}},"type":"binary-expr","locations":[{"start":{"line":27,"column":8},"end":{"line":27,"column":15}},{"start":{"line":27,"column":19},"end":{"line":27,"column":27}}],"line":27},"4":{"loc":{"start":{"line":32,"column":4},"end":{"line":34,"column":5}},"type":"if","locations":[{"start":{"line":32,"column":4},"end":{"line":34,"column":5}},{"start":{},"end":{}}],"line":32},"5":{"loc":{"start":{"line":36,"column":4},"end":{"line":41,"column":5}},"type":"if","locations":[{"start":{"line":36,"column":4},"end":{"line":41,"column":5}},{"start":{},"end":{}}],"line":36},"6":{"loc":{"start":{"line":38,"column":6},"end":{"line":40,"column":7}},"type":"if","locations":[{"start":{"line":38,"column":6},"end":{"line":40,"column":7}},{"start":{},"end":{}}],"line":38},"7":{"loc":{"start":{"line":47,"column":14},"end":{"line":47,"column":28}},"type":"binary-expr","locations":[{"start":{"line":47,"column":14},"end":{"line":47,"column":20}},{"start":{"line":47,"column":24},"end":{"line":47,"column":28}}],"line":47},"8":{"loc":{"start":{"line":51,"column":26},"end":{"line":51,"column":49}},"type":"binary-expr","locations":[{"start":{"line":51,"column":26},"end":{"line":51,"column":44}},{"start":{"line":51,"column":48},"end":{"line":51,"column":49}}],"line":51},"9":{"loc":{"start":{"line":65,"column":4},"end":{"line":67,"column":5}},"type":"if","locations":[{"start":{"line":65,"column":4},"end":{"line":67,"column":5}},{"start":{},"end":{}}],"line":65},"10":{"loc":{"start":{"line":85,"column":4},"end":{"line":87,"column":5}},"type":"if","locations":[{"start":{"line":85,"column":4},"end":{"line":87,"column":5}},{"start":{},"end":{}}],"line":85},"11":{"loc":{"start":{"line":90,"column":4},"end":{"line":92,"column":5}},"type":"if","locations":[{"start":{"line":90,"column":4},"end":{"line":92,"column":5}},{"start":{},"end":{}}],"line":90},"12":{"loc":{"start":{"line":94,"column":4},"end":{"line":96,"column":5}},"type":"if","locations":[{"start":{"line":94,"column":4},"end":{"line":96,"column":5}},{"start":{},"end":{}}],"line":94},"13":{"loc":{"start":{"line":114,"column":4},"end":{"line":116,"column":5}},"type":"if","locations":[{"start":{"line":114,"column":4},"end":{"line":116,"column":5}},{"start":{},"end":{}}],"line":114},"14":{"loc":{"start":{"line":118,"column":4},"end":{"line":120,"column":5}},"type":"if","locations":[{"start":{"line":118,"column":4},"end":{"line":120,"column":5}},{"start":{},"end":{}}],"line":118},"15":{"loc":{"start":{"line":126,"column":4},"end":{"line":129,"column":5}},"type":"if","locations":[{"start":{"line":126,"column":4},"end":{"line":129,"column":5}},{"start":{},"end":{}}],"line":126},"16":{"loc":{"start":{"line":127,"column":37},"end":{"line":127,"column":60}},"type":"binary-expr","locations":[{"start":{"line":127,"column":37},"end":{"line":127,"column":55}},{"start":{"line":127,"column":59},"end":{"line":127,"column":60}}],"line":127},"17":{"loc":{"start":{"line":144,"column":4},"end":{"line":146,"column":5}},"type":"if","locations":[{"start":{"line":144,"column":4},"end":{"line":146,"column":5}},{"start":{},"end":{}}],"line":144},"18":{"loc":{"start":{"line":149,"column":4},"end":{"line":151,"column":5}},"type":"if","locations":[{"start":{"line":149,"column":4},"end":{"line":151,"column":5}},{"start":{},"end":{}}],"line":149},"19":{"loc":{"start":{"line":158,"column":4},"end":{"line":162,"column":5}},"type":"if","locations":[{"start":{"line":158,"column":4},"end":{"line":162,"column":5}},{"start":{"line":160,"column":11},"end":{"line":162,"column":5}}],"line":158},"20":{"loc":{"start":{"line":160,"column":11},"end":{"line":162,"column":5}},"type":"if","locations":[{"start":{"line":160,"column":11},"end":{"line":162,"column":5}},{"start":{},"end":{}}],"line":160}},"s":{"0":0,"1":0,"2":0,"3":0,"4":0,"5":0,"6":0,"7":0,"8":0,"9":0,"10":0,"11":0,"12":0,"13":0,"14":0,"15":0,"16":0,"17":0,"18":0,"19":0,"20":0,"21":0,"22":0,"23":0,"24":0,"25":0,"26":0,"27":0,"28":0,"29":0,"30":0,"31":0,"32":0,"33":0,"34":0,"35":0,"36":0,"37":0,"38":0,"39":0,"40":0,"41":0,"42":0,"43":0,"44":0,"45":0,"46":0,"47":0,"48":0,"49":0,"50":0,"51":0,"52":0,"53":0,"54":0,"55":0,"56":0,"57":0,"58":0,"59":0,"60":0,"61":0,"62":0,"63":0,"64":0,"65":0,"66":0,"67":0,"68":0,"69":0,"70":0,"71":0,"72":0,"73":0,"74":0,"75":0,"76":0,"77":0,"78":0,"79":0,"80":0,"81":0,"82":0,"83":0,"84":0,"85":0,"86":0,"87":0,"88":0,"89":0},"f":{"0":0,"1":0,"2":0,"3":0,"4":0,"5":0,"6":0,"7":0},"b":{"0":[0,0],"1":[0],"2":[0,0],"3":[0,0],"4":[0,0],"5":[0,0],"6":[0,0],"7":[0,0],"8":[0,0],"9":[0,0],"10":[0,0],"11":[0,0],"12":[0,0],"13":[0,0],"14":[0,0],"15":[0,0],"16":[0,0],"17":[0,0],"18":[0,0],"19":[0,0],"20":[0,0]}}
,"C:\\Code\\Python\\Fullstack\\FullstackProject\\server\\routes\\posts.js": {"path":"C:\\Code\\Python\\Fullstack\\FullstackProject\\server\\routes\\posts.js","statementMap":{"0":{"start":{"line":6,"column":15},"end":{"line":6,"column":31}},"1":{"start":{"line":10,"column":20},"end":{"line":23,"column":1}},"2":{"start":{"line":11,"column":16},"end":{"line":11,"column":33}},"3":{"start":{"line":12,"column":2},"end":{"line":12,"column":74}},"4":{"start":{"line":12,"column":14},"end":{"line":12,"column":74}},"5":{"start":{"line":14,"column":2},"end":{"line":22,"column":3}},"6":{"start":{"line":15,"column":20},"end":{"line":15,"column":61}},"7":{"start":{"line":16,"column":4},"end":{"line":16,"column":23}},"8":{"start":{"line":17,"column":4},"end":{"line":17,"column":45}},"9":{"start":{"line":18,"column":4},"end":{"line":18,"column":43}},"10":{"start":{"line":19,"column":4},"end":{"line":19,"column":11}},"11":{"start":{"line":21,"column":4},"end":{"line":21,"column":60}},"12":{"start":{"line":26,"column":0},"end":{"line":59,"column":3}},"13":{"start":{"line":27,"column":21},"end":{"line":27,"column":29}},"14":{"start":{"line":28,"column":17},"end":{"line":28,"column":28}},"15":{"start":{"line":30,"column":2},"end":{"line":32,"column":3}},"16":{"start":{"line":31,"column":4},"end":{"line":31,"column":77}},"17":{"start":{"line":34,"column":2},"end":{"line":58,"column":3}},"18":{"start":{"line":35,"column":17},"end":{"line":35,"column":51}},"19":{"start":{"line":36,"column":4},"end":{"line":36,"column":74}},"20":{"start":{"line":36,"column":15},"end":{"line":36,"column":74}},"21":{"start":{"line":38,"column":21},"end":{"line":38,"column":75}},"22":{"start":{"line":38,"column":46},"end":{"line":38,"column":74}},"23":{"start":{"line":39,"column":4},"end":{"line":43,"column":5}},"24":{"start":{"line":40,"column":6},"end":{"line":40,"column":31}},"25":{"start":{"line":42,"column":6},"end":{"line":42,"column":50}},"26":{"start":{"line":45,"column":4},"end":{"line":45,"column":44}},"27":{"start":{"line":46,"column":4},"end":{"line":46,"column":31}},"28":{"start":{"line":47,"column":4},"end":{"line":47,"column":39}},"29":{"start":{"line":48,"column":4},"end":{"line":48,"column":22}},"30":{"start":{"line":50,"column":4},"end":{"line":54,"column":7}},"31":{"start":{"line":56,"column":4},"end":{"line":56,"column":23}},"32":{"start":{"line":57,"column":4},"end":{"line":57,"column":59}},"33":{"start":{"line":63,"column":0},"end":{"line":88,"column":3}},"34":{"start":{"line":64,"column":2},"end":{"line":87,"column":3}},"35":{"start":{"line":66,"column":19},"end":{"line":66,"column":30}},"36":{"start":{"line":67,"column":49},"end":{"line":67,"column":57}},"37":{"start":{"line":69,"column":21},"end":{"line":77,"column":5}},"38":{"start":{"line":74,"column":8},"end":{"line":74,"column":18}},"39":{"start":{"line":76,"column":41},"end":{"line":76,"column":51}},"40":{"start":{"line":79,"column":4},"end":{"line":81,"column":5}},"41":{"start":{"line":80,"column":6},"end":{"line":80,"column":60}},"42":{"start":{"line":82,"column":20},"end":{"line":82,"column":38}},"43":{"start":{"line":83,"column":4},"end":{"line":83,"column":25}},"44":{"start":{"line":84,"column":4},"end":{"line":84,"column":34}},"45":{"start":{"line":86,"column":4},"end":{"line":86,"column":51}},"46":{"start":{"line":92,"column":0},"end":{"line":162,"column":3}},"47":{"start":{"line":93,"column":2},"end":{"line":161,"column":3}},"48":{"start":{"line":94,"column":17},"end":{"line":94,"column":46}},"49":{"start":{"line":95,"column":18},"end":{"line":95,"column":49}},"50":{"start":{"line":96,"column":17},"end":{"line":96,"column":35}},"51":{"start":{"line":97,"column":19},"end":{"line":97,"column":35}},"52":{"start":{"line":98,"column":17},"end":{"line":98,"column":44}},"53":{"start":{"line":99,"column":19},"end":{"line":99,"column":45}},"54":{"start":{"line":100,"column":16},"end":{"line":100,"column":18}},"55":{"start":{"line":101,"column":4},"end":{"line":104,"column":5}},"56":{"start":{"line":103,"column":6},"end":{"line":103,"column":54}},"57":{"start":{"line":106,"column":4},"end":{"line":115,"column":8}},"58":{"start":{"line":107,"column":6},"end":{"line":115,"column":7}},"59":{"start":{"line":108,"column":20},"end":{"line":108,"column":30}},"60":{"start":{"line":109,"column":29},"end":{"line":109,"column":75}},"61":{"start":{"line":110,"column":8},"end":{"line":110,"column":49}},"62":{"start":{"line":111,"column":13},"end":{"line":115,"column":7}},"63":{"start":{"line":112,"column":20},"end":{"line":112,"column":30}},"64":{"start":{"line":113,"column":27},"end":{"line":113,"column":85}},"65":{"start":{"line":114,"column":8},"end":{"line":114,"column":47}},"66":{"start":{"line":116,"column":16},"end":{"line":118,"column":27}},"67":{"start":{"line":121,"column":4},"end":{"line":157,"column":5}},"68":{"start":{"line":122,"column":18},"end":{"line":122,"column":28}},"69":{"start":{"line":123,"column":20},"end":{"line":123,"column":27}},"70":{"start":{"line":124,"column":6},"end":{"line":150,"column":7}},"71":{"start":{"line":125,"column":22},"end":{"line":125,"column":52}},"72":{"start":{"line":126,"column":8},"end":{"line":129,"column":12}},"73":{"start":{"line":126,"column":32},"end":{"line":129,"column":9}},"74":{"start":{"line":130,"column":8},"end":{"line":130,"column":64}},"75":{"start":{"line":130,"column":29},"end":{"line":130,"column":62}},"76":{"start":{"line":131,"column":13},"end":{"line":150,"column":7}},"77":{"start":{"line":132,"column":21},"end":{"line":132,"column":38}},"78":{"start":{"line":133,"column":22},"end":{"line":133,"column":65}},"79":{"start":{"line":134,"column":23},"end":{"line":134,"column":42}},"80":{"start":{"line":135,"column":8},"end":{"line":144,"column":11}},"81":{"start":{"line":136,"column":20},"end":{"line":136,"column":21}},"82":{"start":{"line":137,"column":10},"end":{"line":142,"column":11}},"83":{"start":{"line":138,"column":28},"end":{"line":138,"column":126}},"84":{"start":{"line":139,"column":12},"end":{"line":141,"column":13}},"85":{"start":{"line":140,"column":14},"end":{"line":140,"column":56}},"86":{"start":{"line":140,"column":43},"end":{"line":140,"column":56}},"87":{"start":{"line":143,"column":10},"end":{"line":143,"column":57}},"88":{"start":{"line":145,"column":8},"end":{"line":145,"column":64}},"89":{"start":{"line":145,"column":29},"end":{"line":145,"column":62}},"90":{"start":{"line":148,"column":8},"end":{"line":148,"column":83}},"91":{"start":{"line":148,"column":32},"end":{"line":148,"column":80}},"92":{"start":{"line":149,"column":8},"end":{"line":149,"column":64}},"93":{"start":{"line":149,"column":29},"end":{"line":149,"column":62}},"94":{"start":{"line":152,"column":6},"end":{"line":152,"column":46}},"95":{"start":{"line":155,"column":6},"end":{"line":155,"column":82}},"96":{"start":{"line":155,"column":35},"end":{"line":155,"column":80}},"97":{"start":{"line":156,"column":6},"end":{"line":156,"column":46}},"98":{"start":{"line":158,"column":4},"end":{"line":158,"column":32}},"99":{"start":{"line":160,"column":4},"end":{"line":160,"column":51}},"100":{"start":{"line":165,"column":0},"end":{"line":175,"column":3}},"101":{"start":{"line":166,"column":2},"end":{"line":174,"column":3}},"102":{"start":{"line":167,"column":18},"end":{"line":170,"column":27}},"103":{"start":{"line":171,"column":4},"end":{"line":171,"column":32}},"104":{"start":{"line":173,"column":4},"end":{"line":173,"column":51}},"105":{"start":{"line":178,"column":0},"end":{"line":192,"column":2}},"106":{"start":{"line":179,"column":2},"end":{"line":191,"column":3}},"107":{"start":{"line":180,"column":17},"end":{"line":182,"column":27}},"108":{"start":{"line":184,"column":4},"end":{"line":184,"column":74}},"109":{"start":{"line":184,"column":15},"end":{"line":184,"column":74}},"110":{"start":{"line":187,"column":4},"end":{"line":187,"column":32}},"111":{"start":{"line":188,"column":4},"end":{"line":188,"column":31}},"112":{"start":{"line":190,"column":4},"end":{"line":190,"column":51}},"113":{"start":{"line":195,"column":0},"end":{"line":236,"column":3}},"114":{"start":{"line":196,"column":2},"end":{"line":235,"column":3}},"115":{"start":{"line":197,"column":36},"end":{"line":197,"column":44}},"116":{"start":{"line":198,"column":49},"end":{"line":198,"column":57}},"117":{"start":{"line":199,"column":17},"end":{"line":199,"column":51}},"118":{"start":{"line":200,"column":4},"end":{"line":200,"column":74}},"119":{"start":{"line":200,"column":15},"end":{"line":200,"column":74}},"120":{"start":{"line":203,"column":4},"end":{"line":205,"column":5}},"121":{"start":{"line":204,"column":6},"end":{"line":204,"column":81}},"122":{"start":{"line":207,"column":4},"end":{"line":207,"column":47}},"123":{"start":{"line":208,"column":4},"end":{"line":208,"column":56}},"124":{"start":{"line":211,"column":23},"end":{"line":224,"column":5}},"125":{"start":{"line":216,"column":39},"end":{"line":216,"column":49}},"126":{"start":{"line":221,"column":45},"end":{"line":221,"column":55}},"127":{"start":{"line":225,"column":4},"end":{"line":227,"column":5}},"128":{"start":{"line":226,"column":6},"end":{"line":226,"column":62}},"129":{"start":{"line":228,"column":24},"end":{"line":230,"column":6}},"130":{"start":{"line":232,"column":4},"end":{"line":232,"column":38}},"131":{"start":{"line":234,"column":4},"end":{"line":234,"column":51}},"132":{"start":{"line":240,"column":0},"end":{"line":248,"column":2}},"133":{"start":{"line":241,"column":2},"end":{"line":247,"column":3}},"134":{"start":{"line":242,"column":24},"end":{"line":242,"column":67}},"135":{"start":{"line":243,"column":4},"end":{"line":243,"column":80}},"136":{"start":{"line":243,"column":22},"end":{"line":243,"column":80}},"137":{"start":{"line":244,"column":4},"end":{"line":244,"column":66}},"138":{"start":{"line":246,"column":4},"end":{"line":246,"column":51}}},"fnMap":{"0":{"name":"(anonymous_0)","decl":{"start":{"line":10,"column":20},"end":{"line":10,"column":21}},"loc":{"start":{"line":10,"column":40},"end":{"line":23,"column":1}},"line":10},"1":{"name":"(anonymous_1)","decl":{"start":{"line":26,"column":38},"end":{"line":26,"column":39}},"loc":{"start":{"line":26,"column":58},"end":{"line":59,"column":1}},"line":26},"2":{"name":"(anonymous_2)","decl":{"start":{"line":38,"column":39},"end":{"line":38,"column":40}},"loc":{"start":{"line":38,"column":46},"end":{"line":38,"column":74}},"line":38},"3":{"name":"(anonymous_3)","decl":{"start":{"line":63,"column":59},"end":{"line":63,"column":60}},"loc":{"start":{"line":63,"column":79},"end":{"line":88,"column":1}},"line":63},"4":{"name":"(anonymous_4)","decl":{"start":{"line":73,"column":67},"end":{"line":73,"column":68}},"loc":{"start":{"line":74,"column":8},"end":{"line":74,"column":18}},"line":74},"5":{"name":"(anonymous_5)","decl":{"start":{"line":76,"column":34},"end":{"line":76,"column":35}},"loc":{"start":{"line":76,"column":41},"end":{"line":76,"column":51}},"line":76},"6":{"name":"(anonymous_6)","decl":{"start":{"line":92,"column":16},"end":{"line":92,"column":17}},"loc":{"start":{"line":92,"column":36},"end":{"line":162,"column":1}},"line":92},"7":{"name":"(anonymous_7)","decl":{"start":{"line":126,"column":26},"end":{"line":126,"column":27}},"loc":{"start":{"line":126,"column":32},"end":{"line":129,"column":9}},"line":126},"8":{"name":"(anonymous_8)","decl":{"start":{"line":130,"column":19},"end":{"line":130,"column":20}},"loc":{"start":{"line":130,"column":29},"end":{"line":130,"column":62}},"line":130},"9":{"name":"(anonymous_9)","decl":{"start":{"line":135,"column":26},"end":{"line":135,"column":27}},"loc":{"start":{"line":135,"column":31},"end":{"line":144,"column":9}},"line":135},"10":{"name":"(anonymous_10)","decl":{"start":{"line":145,"column":19},"end":{"line":145,"column":20}},"loc":{"start":{"line":145,"column":29},"end":{"line":145,"column":62}},"line":145},"11":{"name":"(anonymous_11)","decl":{"start":{"line":148,"column":26},"end":{"line":148,"column":27}},"loc":{"start":{"line":148,"column":32},"end":{"line":148,"column":80}},"line":148},"12":{"name":"(anonymous_12)","decl":{"start":{"line":149,"column":19},"end":{"line":149,"column":20}},"loc":{"start":{"line":149,"column":29},"end":{"line":149,"column":62}},"line":149},"13":{"name":"(anonymous_13)","decl":{"start":{"line":155,"column":25},"end":{"line":155,"column":26}},"loc":{"start":{"line":155,"column":35},"end":{"line":155,"column":80}},"line":155},"14":{"name":"(anonymous_14)","decl":{"start":{"line":165,"column":28},"end":{"line":165,"column":29}},"loc":{"start":{"line":165,"column":48},"end":{"line":175,"column":1}},"line":165},"15":{"name":"(anonymous_15)","decl":{"start":{"line":178,"column":19},"end":{"line":178,"column":20}},"loc":{"start":{"line":178,"column":39},"end":{"line":192,"column":1}},"line":178},"16":{"name":"(anonymous_16)","decl":{"start":{"line":195,"column":61},"end":{"line":195,"column":62}},"loc":{"start":{"line":195,"column":81},"end":{"line":236,"column":1}},"line":195},"17":{"name":"(anonymous_17)","decl":{"start":{"line":216,"column":32},"end":{"line":216,"column":33}},"loc":{"start":{"line":216,"column":39},"end":{"line":216,"column":49}},"line":216},"18":{"name":"(anonymous_18)","decl":{"start":{"line":221,"column":38},"end":{"line":221,"column":39}},"loc":{"start":{"line":221,"column":45},"end":{"line":221,"column":55}},"line":221},"19":{"name":"(anonymous_19)","decl":{"start":{"line":240,"column":35},"end":{"line":240,"column":36}},"loc":{"start":{"line":240,"column":55},"end":{"line":248,"column":1}},"line":240}},"branchMap":{"0":{"loc":{"start":{"line":12,"column":2},"end":{"line":12,"column":74}},"type":"if","locations":[{"start":{"line":12,"column":2},"end":{"line":12,"column":74}},{"start":{},"end":{}}],"line":12},"1":{"loc":{"start":{"line":30,"column":2},"end":{"line":32,"column":3}},"type":"if","locations":[{"start":{"line":30,"column":2},"end":{"line":32,"column":3}},{"start":{},"end":{}}],"line":30},"2":{"loc":{"start":{"line":30,"column":6},"end":{"line":30,"column":41}},"type":"binary-expr","locations":[{"start":{"line":30,"column":6},"end":{"line":30,"column":13}},{"start":{"line":30,"column":17},"end":{"line":30,"column":27}},{"start":{"line":30,"column":31},"end":{"line":30,"column":41}}],"line":30},"3":{"loc":{"start":{"line":36,"column":4},"end":{"line":36,"column":74}},"type":"if","locations":[{"start":{"line":36,"column":4},"end":{"line":36,"column":74}},{"start":{},"end":{}}],"line":36},"4":{"loc":{"start":{"line":39,"column":4},"end":{"line":43,"column":5}},"type":"if","locations":[{"start":{"line":39,"column":4},"end":{"line":43,"column":5}},{"start":{"line":41,"column":11},"end":{"line":43,"column":5}}],"line":39},"5":{"loc":{"start":{"line":73,"column":12},"end":{"line":74,"column":48}},"type":"cond-expr","locations":[{"start":{"line":73,"column":20},"end":{"line":74,"column":42}},{"start":{"line":74,"column":46},"end":{"line":74,"column":48}}],"line":73},"6":{"loc":{"start":{"line":73,"column":20},"end":{"line":74,"column":42}},"type":"cond-expr","locations":[{"start":{"line":73,"column":47},"end":{"line":74,"column":35}},{"start":{"line":74,"column":38},"end":{"line":74,"column":42}}],"line":73},"7":{"loc":{"start":{"line":75,"column":18},"end":{"line":76,"column":87}},"type":"cond-expr","locations":[{"start":{"line":75,"column":32},"end":{"line":76,"column":81}},{"start":{"line":76,"column":85},"end":{"line":76,"column":87}}],"line":75},"8":{"loc":{"start":{"line":75,"column":32},"end":{"line":76,"column":81}},"type":"cond-expr","locations":[{"start":{"line":76,"column":8},"end":{"line":76,"column":68}},{"start":{"line":76,"column":71},"end":{"line":76,"column":81}}],"line":75},"9":{"loc":{"start":{"line":79,"column":4},"end":{"line":81,"column":5}},"type":"if","locations":[{"start":{"line":79,"column":4},"end":{"line":81,"column":5}},{"start":{},"end":{}}],"line":79},"10":{"loc":{"start":{"line":94,"column":17},"end":{"line":94,"column":46}},"type":"binary-expr","locations":[{"start":{"line":94,"column":17},"end":{"line":94,"column":41}},{"start":{"line":94,"column":45},"end":{"line":94,"column":46}}],"line":94},"11":{"loc":{"start":{"line":95,"column":18},"end":{"line":95,"column":49}},"type":"binary-expr","locations":[{"start":{"line":95,"column":18},"end":{"line":95,"column":43}},{"start":{"line":95,"column":47},"end":{"line":95,"column":49}}],"line":95},"12":{"loc":{"start":{"line":98,"column":17},"end":{"line":98,"column":44}},"type":"binary-expr","locations":[{"start":{"line":98,"column":17},"end":{"line":98,"column":31}},{"start":{"line":98,"column":35},"end":{"line":98,"column":44}}],"line":98},"13":{"loc":{"start":{"line":99,"column":19},"end":{"line":99,"column":45}},"type":"binary-expr","locations":[{"start":{"line":99,"column":19},"end":{"line":99,"column":35}},{"start":{"line":99,"column":39},"end":{"line":99,"column":45}}],"line":99},"14":{"loc":{"start":{"line":101,"column":4},"end":{"line":104,"column":5}},"type":"if","locations":[{"start":{"line":101,"column":4},"end":{"line":104,"column":5}},{"start":{},"end":{}}],"line":101},"15":{"loc":{"start":{"line":106,"column":4},"end":{"line":115,"column":8}},"type":"if","locations":[{"start":{"line":106,"column":4},"end":{"line":115,"column":8}},{"start":{},"end":{}}],"line":106},"16":{"loc":{"start":{"line":107,"column":6},"end":{"line":115,"column":7}},"type":"if","locations":[{"start":{"line":107,"column":6},"end":{"line":115,"column":7}},{"start":{"line":111,"column":13},"end":{"line":115,"column":7}}],"line":107},"17":{"loc":{"start":{"line":111,"column":13},"end":{"line":115,"column":7}},"type":"if","locations":[{"start":{"line":111,"column":13},"end":{"line":115,"column":7}},{"start":{},"end":{}}],"line":111},"18":{"loc":{"start":{"line":121,"column":4},"end":{"line":157,"column":5}},"type":"if","locations":[{"start":{"line":121,"column":4},"end":{"line":157,"column":5}},{"start":{"line":153,"column":11},"end":{"line":157,"column":5}}],"line":121},"19":{"loc":{"start":{"line":124,"column":6},"end":{"line":150,"column":7}},"type":"if","locations":[{"start":{"line":124,"column":6},"end":{"line":150,"column":7}},{"start":{"line":131,"column":13},"end":{"line":150,"column":7}}],"line":124},"20":{"loc":{"start":{"line":128,"column":25},"end":{"line":128,"column":102}},"type":"binary-expr","locations":[{"start":{"line":128,"column":26},"end":{"line":128,"column":96}},{"start":{"line":128,"column":101},"end":{"line":128,"column":102}}],"line":128},"21":{"loc":{"start":{"line":128,"column":26},"end":{"line":128,"column":96}},"type":"cond-expr","locations":[{"start":{"line":128,"column":47},"end":{"line":128,"column":71}},{"start":{"line":128,"column":74},"end":{"line":128,"column":96}}],"line":128},"22":{"loc":{"start":{"line":131,"column":13},"end":{"line":150,"column":7}},"type":"if","locations":[{"start":{"line":131,"column":13},"end":{"line":150,"column":7}},{"start":{"line":146,"column":13},"end":{"line":150,"column":7}}],"line":131},"23":{"loc":{"start":{"line":137,"column":10},"end":{"line":142,"column":11}},"type":"if","locations":[{"start":{"line":137,"column":10},"end":{"line":142,"column":11}},{"start":{},"end":{}}],"line":137},"24":{"loc":{"start":{"line":138,"column":28},"end":{"line":138,"column":126}},"type":"cond-expr","locations":[{"start":{"line":138,"column":59},"end":{"line":138,"column":94}},{"start":{"line":138,"column":97},"end":{"line":138,"column":126}}],"line":138},"25":{"loc":{"start":{"line":140,"column":14},"end":{"line":140,"column":56}},"type":"if","locations":[{"start":{"line":140,"column":14},"end":{"line":140,"column":56}},{"start":{},"end":{}}],"line":140},"26":{"loc":{"start":{"line":148,"column":66},"end":{"line":148,"column":78}},"type":"binary-expr","locations":[{"start":{"line":148,"column":66},"end":{"line":148,"column":73}},{"start":{"line":148,"column":77},"end":{"line":148,"column":78}}],"line":148},"27":{"loc":{"start":{"line":184,"column":4},"end":{"line":184,"column":74}},"type":"if","locations":[{"start":{"line":184,"column":4},"end":{"line":184,"column":74}},{"start":{},"end":{}}],"line":184},"28":{"loc":{"start":{"line":200,"column":4},"end":{"line":200,"column":74}},"type":"if","locations":[{"start":{"line":200,"column":4},"end":{"line":200,"column":74}},{"start":{},"end":{}}],"line":200},"29":{"loc":{"start":{"line":203,"column":4},"end":{"line":205,"column":5}},"type":"if","locations":[{"start":{"line":203,"column":4},"end":{"line":205,"column":5}},{"start":{},"end":{}}],"line":203},"30":{"loc":{"start":{"line":203,"column":8},"end":{"line":203,"column":51}},"type":"binary-expr","locations":[{"start":{"line":203,"column":8},"end":{"line":203,"column":16}},{"start":{"line":203,"column":20},"end":{"line":203,"column":51}}],"line":203},"31":{"loc":{"start":{"line":212,"column":10},"end":{"line":212,"column":28}},"type":"binary-expr","locations":[{"start":{"line":212,"column":10},"end":{"line":212,"column":15}},{"start":{"line":212,"column":19},"end":{"line":212,"column":28}}],"line":212},"32":{"loc":{"start":{"line":213,"column":10},"end":{"line":213,"column":32}},"type":"binary-expr","locations":[{"start":{"line":213,"column":10},"end":{"line":213,"column":17}},{"start":{"line":213,"column":21},"end":{"line":213,"column":32}}],"line":213},"33":{"loc":{"start":{"line":214,"column":10},"end":{"line":218,"column":7}},"type":"binary-expr","locations":[{"start":{"line":214,"column":10},"end":{"line":214,"column":14}},{"start":{"line":214,"column":18},"end":{"line":218,"column":7}}],"line":214},"34":{"loc":{"start":{"line":215,"column":14},"end":{"line":217,"column":16}},"type":"cond-expr","locations":[{"start":{"line":216,"column":12},"end":{"line":216,"column":66}},{"start":{"line":217,"column":12},"end":{"line":217,"column":16}}],"line":215},"35":{"loc":{"start":{"line":219,"column":10},"end":{"line":223,"column":7}},"type":"binary-expr","locations":[{"start":{"line":219,"column":10},"end":{"line":219,"column":20}},{"start":{"line":219,"column":24},"end":{"line":223,"column":7}}],"line":219},"36":{"loc":{"start":{"line":220,"column":20},"end":{"line":222,"column":22}},"type":"cond-expr","locations":[{"start":{"line":221,"column":12},"end":{"line":221,"column":72}},{"start":{"line":222,"column":12},"end":{"line":222,"column":22}}],"line":220},"37":{"loc":{"start":{"line":225,"column":4},"end":{"line":227,"column":5}},"type":"if","locations":[{"start":{"line":225,"column":4},"end":{"line":227,"column":5}},{"start":{},"end":{}}],"line":225},"38":{"loc":{"start":{"line":243,"column":4},"end":{"line":243,"column":80}},"type":"if","locations":[{"start":{"line":243,"column":4},"end":{"line":243,"column":80}},{"start":{},"end":{}}],"line":243}},"s":{"0":1,"1":1,"2":3,"3":2,"4":0,"5":2,"6":2,"7":2,"8":2,"9":2,"10":2,"11":0,"12":1,"13":1,"14":1,"15":1,"16":1,"17":0,"18":0,"19":0,"20":0,"21":0,"22":0,"23":0,"24":0,"25":0,"26":0,"27":0,"28":0,"29":0,"30":0,"31":0,"32":0,"33":1,"34":1,"35":1,"36":1,"37":1,"38":2,"39":0,"40":1,"41":0,"42":1,"43":1,"44":0,"45":1,"46":1,"47":0,"48":0,"49":0,"50":0,"51":0,"52":0,"53":0,"54":0,"55":0,"56":0,"57":0,"58":0,"59":0,"60":0,"61":0,"62":0,"63":0,"64":0,"65":0,"66":0,"67":0,"68":0,"69":0,"70":0,"71":0,"72":0,"73":0,"74":0,"75":0,"76":0,"77":0,"78":0,"79":0,"80":0,"81":0,"82":0,"83":0,"84":0,"85":0,"86":0,"87":0,"88":0,"89":0,"90":0,"91":0,"92":0,"93":0,"94":0,"95":0,"96":0,"97":0,"98":0,"99":0,"100":1,"101":0,"102":0,"103":0,"104":0,"105":1,"106":0,"107":0,"108":0,"109":0,"110":0,"111":0,"112":0,"113":1,"114":0,"115":0,"116":0,"117":0,"118":0,"119":0,"120":0,"121":0,"122":0,"123":0,"124":0,"125":0,"126":0,"127":0,"128":0,"129":0,"130":0,"131":0,"132":1,"133":0,"134":0,"135":0,"136":0,"137":0,"138":0},"f":{"0":3,"1":1,"2":0,"3":1,"4":2,"5":0,"6":0,"7":0,"8":0,"9":0,"10":0,"11":0,"12":0,"13":0,"14":0,"15":0,"16":0,"17":0,"18":0,"19":0},"b":{"0":[0,2],"1":[1,0],"2":[1,0,0],"3":[0,0],"4":[0,0],"5":[1,0],"6":[1,0],"7":[1,0],"8":[0,1],"9":[0,1],"10":[0,0],"11":[0,0],"12":[0,0],"13":[0,0],"14":[0,0],"15":[0,0],"16":[0,0],"17":[0,0],"18":[0,0],"19":[0,0],"20":[0,0],"21":[0,0],"22":[0,0],"23":[0,0],"24":[0,0],"25":[0,0],"26":[0,0],"27":[0,0],"28":[0,0],"29":[0,0],"30":[0,0],"31":[0,0],"32":[0,0],"33":[0,0],"34":[0,0],"35":[0,0],"36":[0,0],"37":[0,0],"38":[0,0]},"_coverageSchema":"1a1c01bbd47fc00a2c39e90264f33305004495a9","hash":"e1cae4d275af9f6d39db56791e03c0506d8dec60"}
,"C:\\Code\\Python\\Fullstack\\FullstackProject\\server\\routes\\users.js": {"path":"C:\\Code\\Python\\Fullstack\\FullstackProject\\server\\routes\\users.js","statementMap":{"0":{"start":{"line":4,"column":15},"end":{"line":4,"column":31}},"1":{"start":{"line":7,"column":0},"end":{"line":51,"column":3}},"2":{"start":{"line":8,"column":4},"end":{"line":50,"column":5}},"3":{"start":{"line":9,"column":25},"end":{"line":9,"column":50}},"4":{"start":{"line":10,"column":22},"end":{"line":10,"column":44}},"5":{"start":{"line":11,"column":25},"end":{"line":11,"column":42}},"6":{"start":{"line":12,"column":26},"end":{"line":12,"column":52}},"7":{"start":{"line":13,"column":25},"end":{"line":13,"column":50}},"8":{"start":{"line":15,"column":8},"end":{"line":17,"column":9}},"9":{"start":{"line":16,"column":12},"end":{"line":16,"column":78}},"10":{"start":{"line":19,"column":8},"end":{"line":21,"column":9}},"11":{"start":{"line":20,"column":12},"end":{"line":20,"column":128}},"12":{"start":{"line":23,"column":8},"end":{"line":25,"column":9}},"13":{"start":{"line":24,"column":12},"end":{"line":24,"column":75}},"14":{"start":{"line":27,"column":29},"end":{"line":27,"column":61}},"15":{"start":{"line":28,"column":8},"end":{"line":28,"column":92}},"16":{"start":{"line":28,"column":26},"end":{"line":28,"column":92}},"17":{"start":{"line":30,"column":30},"end":{"line":30,"column":59}},"18":{"start":{"line":31,"column":8},"end":{"line":31,"column":90}},"19":{"start":{"line":31,"column":27},"end":{"line":31,"column":90}},"20":{"start":{"line":33,"column":8},"end":{"line":35,"column":9}},"21":{"start":{"line":34,"column":12},"end":{"line":34,"column":93}},"22":{"start":{"line":37,"column":21},"end":{"line":44,"column":10}},"23":{"start":{"line":46,"column":8},"end":{"line":46,"column":26}},"24":{"start":{"line":47,"column":8},"end":{"line":47,"column":35}},"25":{"start":{"line":49,"column":8},"end":{"line":49,"column":74}},"26":{"start":{"line":54,"column":0},"end":{"line":61,"column":3}},"27":{"start":{"line":55,"column":4},"end":{"line":60,"column":5}},"28":{"start":{"line":56,"column":22},"end":{"line":56,"column":59}},"29":{"start":{"line":57,"column":8},"end":{"line":57,"column":36}},"30":{"start":{"line":59,"column":8},"end":{"line":59,"column":53}},"31":{"start":{"line":64,"column":0},"end":{"line":72,"column":3}},"32":{"start":{"line":65,"column":4},"end":{"line":71,"column":5}},"33":{"start":{"line":66,"column":21},"end":{"line":66,"column":75}},"34":{"start":{"line":67,"column":8},"end":{"line":67,"column":78}},"35":{"start":{"line":67,"column":19},"end":{"line":67,"column":78}},"36":{"start":{"line":68,"column":8},"end":{"line":68,"column":35}},"37":{"start":{"line":70,"column":8},"end":{"line":70,"column":53}},"38":{"start":{"line":75,"column":0},"end":{"line":83,"column":3}},"39":{"start":{"line":76,"column":4},"end":{"line":82,"column":5}},"40":{"start":{"line":77,"column":21},"end":{"line":77,"column":94}},"41":{"start":{"line":78,"column":8},"end":{"line":78,"column":76}},"42":{"start":{"line":78,"column":19},"end":{"line":78,"column":76}},"43":{"start":{"line":79,"column":8},"end":{"line":79,"column":35}},"44":{"start":{"line":81,"column":8},"end":{"line":81,"column":53}},"45":{"start":{"line":86,"column":0},"end":{"line":105,"column":3}},"46":{"start":{"line":87,"column":4},"end":{"line":104,"column":5}},"47":{"start":{"line":88,"column":48},"end":{"line":88,"column":56}},"48":{"start":{"line":90,"column":24},"end":{"line":90,"column":26}},"49":{"start":{"line":91,"column":8},"end":{"line":91,"column":57}},"50":{"start":{"line":91,"column":22},"end":{"line":91,"column":57}},"51":{"start":{"line":92,"column":8},"end":{"line":92,"column":61}},"52":{"start":{"line":92,"column":35},"end":{"line":92,"column":61}},"53":{"start":{"line":93,"column":8},"end":{"line":93,"column":64}},"54":{"start":{"line":93,"column":36},"end":{"line":93,"column":64}},"55":{"start":{"line":95,"column":28},"end":{"line":98,"column":30}},"56":{"start":{"line":100,"column":8},"end":{"line":100,"column":83}},"57":{"start":{"line":100,"column":26},"end":{"line":100,"column":83}},"58":{"start":{"line":101,"column":8},"end":{"line":101,"column":42}},"59":{"start":{"line":103,"column":8},"end":{"line":103,"column":81}},"60":{"start":{"line":108,"column":0},"end":{"line":117,"column":3}},"61":{"start":{"line":109,"column":4},"end":{"line":116,"column":5}},"62":{"start":{"line":110,"column":28},"end":{"line":110,"column":71}},"63":{"start":{"line":111,"column":8},"end":{"line":111,"column":83}},"64":{"start":{"line":111,"column":26},"end":{"line":111,"column":83}},"65":{"start":{"line":113,"column":8},"end":{"line":113,"column":90}},"66":{"start":{"line":115,"column":8},"end":{"line":115,"column":81}}},"fnMap":{"0":{"name":"(anonymous_0)","decl":{"start":{"line":7,"column":17},"end":{"line":7,"column":18}},"loc":{"start":{"line":7,"column":37},"end":{"line":51,"column":1}},"line":7},"1":{"name":"(anonymous_1)","decl":{"start":{"line":54,"column":16},"end":{"line":54,"column":17}},"loc":{"start":{"line":54,"column":36},"end":{"line":61,"column":1}},"line":54},"2":{"name":"(anonymous_2)","decl":{"start":{"line":64,"column":22},"end":{"line":64,"column":23}},"loc":{"start":{"line":64,"column":42},"end":{"line":72,"column":1}},"line":64},"3":{"name":"(anonymous_3)","decl":{"start":{"line":75,"column":34},"end":{"line":75,"column":35}},"loc":{"start":{"line":75,"column":54},"end":{"line":83,"column":1}},"line":75},"4":{"name":"(anonymous_4)","decl":{"start":{"line":86,"column":19},"end":{"line":86,"column":20}},"loc":{"start":{"line":86,"column":39},"end":{"line":105,"column":1}},"line":86},"5":{"name":"(anonymous_5)","decl":{"start":{"line":108,"column":22},"end":{"line":108,"column":23}},"loc":{"start":{"line":108,"column":42},"end":{"line":117,"column":1}},"line":108}},"branchMap":{"0":{"loc":{"start":{"line":15,"column":8},"end":{"line":17,"column":9}},"type":"if","locations":[{"start":{"line":15,"column":8},"end":{"line":17,"column":9}},{"start":{},"end":{}}],"line":15},"1":{"loc":{"start":{"line":15,"column":12},"end":{"line":15,"column":71}},"type":"binary-expr","locations":[{"start":{"line":15,"column":12},"end":{"line":15,"column":21}},{"start":{"line":15,"column":25},"end":{"line":15,"column":31}},{"start":{"line":15,"column":35},"end":{"line":15,"column":44}},{"start":{"line":15,"column":48},"end":{"line":15,"column":58}},{"start":{"line":15,"column":62},"end":{"line":15,"column":71}}],"line":15},"2":{"loc":{"start":{"line":19,"column":8},"end":{"line":21,"column":9}},"type":"if","locations":[{"start":{"line":19,"column":8},"end":{"line":21,"column":9}},{"start":{},"end":{}}],"line":19},"3":{"loc":{"start":{"line":19,"column":12},"end":{"line":19,"column":91}},"type":"binary-expr","locations":[{"start":{"line":19,"column":12},"end":{"line":19,"column":44}},{"start":{"line":19,"column":48},"end":{"line":19,"column":67}},{"start":{"line":19,"column":71},"end":{"line":19,"column":91}}],"line":19},"4":{"loc":{"start":{"line":23,"column":8},"end":{"line":25,"column":9}},"type":"if","locations":[{"start":{"line":23,"column":8},"end":{"line":25,"column":9}},{"start":{},"end":{}}],"line":23},"5":{"loc":{"start":{"line":28,"column":8},"end":{"line":28,"column":92}},"type":"if","locations":[{"start":{"line":28,"column":8},"end":{"line":28,"column":92}},{"start":{},"end":{}}],"line":28},"6":{"loc":{"start":{"line":31,"column":8},"end":{"line":31,"column":90}},"type":"if","locations":[{"start":{"line":31,"column":8},"end":{"line":31,"column":90}},{"start":{},"end":{}}],"line":31},"7":{"loc":{"start":{"line":33,"column":8},"end":{"line":35,"column":9}},"type":"if","locations":[{"start":{"line":33,"column":8},"end":{"line":35,"column":9}},{"start":{},"end":{}}],"line":33},"8":{"loc":{"start":{"line":67,"column":8},"end":{"line":67,"column":78}},"type":"if","locations":[{"start":{"line":67,"column":8},"end":{"line":67,"column":78}},{"start":{},"end":{}}],"line":67},"9":{"loc":{"start":{"line":78,"column":8},"end":{"line":78,"column":76}},"type":"if","locations":[{"start":{"line":78,"column":8},"end":{"line":78,"column":76}},{"start":{},"end":{}}],"line":78},"10":{"loc":{"start":{"line":91,"column":8},"end":{"line":91,"column":57}},"type":"if","locations":[{"start":{"line":91,"column":8},"end":{"line":91,"column":57}},{"start":{},"end":{}}],"line":91},"11":{"loc":{"start":{"line":92,"column":8},"end":{"line":92,"column":61}},"type":"if","locations":[{"start":{"line":92,"column":8},"end":{"line":92,"column":61}},{"start":{},"end":{}}],"line":92},"12":{"loc":{"start":{"line":93,"column":8},"end":{"line":93,"column":64}},"type":"if","locations":[{"start":{"line":93,"column":8},"end":{"line":93,"column":64}},{"start":{},"end":{}}],"line":93},"13":{"loc":{"start":{"line":100,"column":8},"end":{"line":100,"column":83}},"type":"if","locations":[{"start":{"line":100,"column":8},"end":{"line":100,"column":83}},{"start":{},"end":{}}],"line":100},"14":{"loc":{"start":{"line":111,"column":8},"end":{"line":111,"column":83}},"type":"if","locations":[{"start":{"line":111,"column":8},"end":{"line":111,"column":83}},{"start":{},"end":{}}],"line":111}},"s":{"0":1,"1":1,"2":8,"3":8,"4":8,"5":8,"6":8,"7":8,"8":8,"9":1,"10":7,"11":1,"12":6,"13":1,"14":5,"15":4,"16":1,"17":3,"18":3,"19":1,"20":2,"21":1,"22":1,"23":1,"24":1,"25":1,"26":1,"27":0,"28":0,"29":0,"30":0,"31":1,"32":0,"33":0,"34":0,"35":0,"36":0,"37":0,"38":1,"39":0,"40":0,"41":0,"42":0,"43":0,"44":0,"45":1,"46":0,"47":0,"48":0,"49":0,"50":0,"51":0,"52":0,"53":0,"54":0,"55":0,"56":0,"57":0,"58":0,"59":0,"60":1,"61":0,"62":0,"63":0,"64":0,"65":0,"66":0},"f":{"0":8,"1":0,"2":0,"3":0,"4":0,"5":0},"b":{"0":[1,7],"1":[8,7,7,7,7],"2":[1,6],"3":[7,6,6],"4":[1,5],"5":[1,3],"6":[1,2],"7":[1,1],"8":[0,0],"9":[0,0],"10":[0,0],"11":[0,0],"12":[0,0],"13":[0,0],"14":[0,0]},"_coverageSchema":"1a1c01bbd47fc00a2c39e90264f33305004495a9","hash":"5e83f0c6e14d593734280c46bafb1358e84a0c51"}
}
