TN:
SF:server\middlewares\adminAuth.js
FN:5,(anonymous_0)
FN:20,(anonymous_1)
FNF:2
FNH:0
FNDA:0,(anonymous_0)
FNDA:0,(anonymous_1)
DA:5,0
DA:6,0
DA:7,0
DA:10,0
DA:11,0
DA:12,0
DA:13,0
DA:15,0
DA:20,0
DA:21,0
DA:22,0
DA:23,0
DA:24,0
DA:26,0
DA:28,0
LF:15
LH:0
BRDA:7,0,0,0
BRDA:7,0,1,0
BRDA:23,1,0,0
BRDA:23,1,1,0
BRDA:23,2,0,0
BRDA:23,2,1,0
BRF:6
BRH:0
end_of_record
TN:
SF:server\middlewares\upload.js
FN:13,(anonymous_0)
FN:17,(anonymous_1)
FN:25,(anonymous_2)
FNF:3
FNH:0
FNDA:0,(anonymous_0)
FNDA:0,(anonymous_1)
FNDA:0,(anonymous_2)
DA:6,0
DA:7,0
DA:8,0
DA:12,0
DA:14,0
DA:18,0
DA:19,0
DA:20,0
DA:25,0
DA:26,0
DA:28,0
DA:29,0
DA:31,0
DA:36,0
LF:14
LH:0
BRDA:7,0,0,0
BRDA:7,0,1,0
BRDA:28,1,0,0
BRDA:28,1,1,0
BRF:4
BRH:0
end_of_record
TN:
SF:server\models\Comment.js
FNF:0
FNH:0
DA:3,3
DA:13,3
LF:2
LH:2
BRF:0
BRH:0
end_of_record
TN:
SF:server\models\Post.js
FN:35,(anonymous_0)
FN:37,(anonymous_1)
FN:44,(anonymous_2)
FNF:3
FNH:0
FNDA:0,(anonymous_0)
FNDA:0,(anonymous_1)
FNDA:0,(anonymous_2)
DA:8,2
DA:35,2
DA:36,0
DA:37,0
DA:38,0
DA:40,0
DA:44,2
DA:45,0
DA:47,0
DA:48,0
DA:49,0
DA:50,0
DA:53,0
DA:56,2
LF:14
LH:4
BRDA:36,0,0,0
BRDA:36,0,1,0
BRDA:45,1,0,0
BRDA:45,1,1,0
BRDA:49,2,0,0
BRDA:49,2,1,0
BRDA:50,3,0,0
BRDA:50,3,1,0
BRDA:51,4,0,0
BRDA:51,4,1,0
BRDA:52,5,0,0
BRDA:52,5,1,0
BRF:12
BRH:0
end_of_record
TN:
SF:server\models\User.js
FN:20,(anonymous_0)
FN:32,(anonymous_1)
FN:41,(anonymous_2)
FNF:3
FNH:1
FNDA:3,(anonymous_0)
FNDA:0,(anonymous_1)
FNDA:0,(anonymous_2)
DA:4,5
DA:20,5
DA:21,3
DA:22,3
DA:23,3
DA:24,3
DA:25,3
DA:27,0
DA:32,5
DA:33,0
DA:34,0
DA:36,0
DA:41,5
DA:42,0
DA:43,0
DA:45,0
DA:49,5
LF:17
LH:10
BRDA:21,0,0,0
BRDA:21,0,1,3
BRF:2
BRH:1
end_of_record
TN:
SF:server\routes\auth.js
FN:9,(anonymous_0)
FN:52,(anonymous_1)
FN:89,(anonymous_2)
FNF:3
FNH:2
FNDA:2,(anonymous_0)
FNDA:3,(anonymous_1)
FNDA:0,(anonymous_2)
DA:7,1
DA:9,1
DA:10,2
DA:13,2
DA:14,0
DA:18,2
DA:19,2
DA:20,0
DA:24,2
DA:25,2
DA:26,2
DA:31,0
DA:41,0
DA:48,0
DA:52,1
DA:53,3
DA:54,3
DA:56,3
DA:57,1
DA:58,1
DA:61,2
DA:62,2
DA:63,1
DA:66,1
DA:68,1
DA:69,1
DA:73,0
DA:74,0
DA:78,0
DA:79,0
DA:82,0
DA:84,1
DA:85,1
DA:89,1
DA:90,0
DA:91,0
LF:36
LH:24
BRDA:13,0,0,0
BRDA:13,0,1,2
BRDA:13,1,0,2
BRDA:13,1,1,2
BRDA:19,2,0,0
BRDA:19,2,1,2
BRDA:25,3,0,2
BRDA:25,3,1,0
BRDA:56,4,0,1
BRDA:56,4,1,2
BRDA:68,5,0,1
BRDA:68,5,1,0
BRDA:68,6,0,1
BRDA:68,6,1,0
BRDA:73,7,0,0
BRDA:73,7,1,0
BRDA:78,8,0,0
BRDA:78,8,1,0
BRF:18
BRH:9
end_of_record
TN:
SF:server\routes\comments.js
FN:9,(anonymous_0)
FN:23,(anonymous_1)
FN:62,(anonymous_2)
FN:80,(anonymous_3)
FN:109,(anonymous_4)
FN:138,(anonymous_5)
FN:154,(anonymous_6)
FN:155,(anonymous_7)
FNF:8
FNH:0
FNDA:0,(anonymous_0)
FNDA:0,(anonymous_1)
FNDA:0,(anonymous_2)
FNDA:0,(anonymous_3)
FNDA:0,(anonymous_4)
FNDA:0,(anonymous_5)
FNDA:0,(anonymous_6)
FNDA:0,(anonymous_7)
DA:6,0
DA:9,0
DA:10,0
DA:11,0
DA:13,0
DA:14,0
DA:15,0
DA:16,0
DA:18,0
DA:23,0
DA:24,0
DA:25,0
DA:27,0
DA:28,0
DA:31,0
DA:32,0
DA:33,0
DA:36,0
DA:37,0
DA:38,0
DA:39,0
DA:43,0
DA:50,0
DA:51,0
DA:52,0
DA:54,0
DA:55,0
DA:57,0
DA:62,0
DA:63,0
DA:64,0
DA:65,0
DA:66,0
DA:69,0
DA:73,0
DA:75,0
DA:80,0
DA:81,0
DA:82,0
DA:83,0
DA:85,0
DA:86,0
DA:89,0
DA:90,0
DA:91,0
DA:94,0
DA:95,0
DA:98,0
DA:99,0
DA:101,0
DA:102,0
DA:104,0
DA:109,0
DA:110,0
DA:111,0
DA:112,0
DA:114,0
DA:115,0
DA:118,0
DA:119,0
DA:122,0
DA:123,0
DA:125,0
DA:126,0
DA:127,0
DA:128,0
DA:131,0
DA:133,0
DA:138,0
DA:139,0
DA:140,0
DA:141,0
DA:142,0
DA:144,0
DA:145,0
DA:148,0
DA:149,0
DA:150,0
DA:154,0
DA:155,0
DA:158,0
DA:159,0
DA:160,0
DA:161,0
DA:164,0
DA:166,0
DA:171,0
LF:87
LH:0
BRDA:11,0,0,0
BRDA:11,0,1,0
BRDA:25,1,0,0
BRDA:27,2,0,0
BRDA:27,2,1,0
BRDA:27,3,0,0
BRDA:27,3,1,0
BRDA:32,4,0,0
BRDA:32,4,1,0
BRDA:36,5,0,0
BRDA:36,5,1,0
BRDA:38,6,0,0
BRDA:38,6,1,0
BRDA:47,7,0,0
BRDA:47,7,1,0
BRDA:51,8,0,0
BRDA:51,8,1,0
BRDA:65,9,0,0
BRDA:65,9,1,0
BRDA:85,10,0,0
BRDA:85,10,1,0
BRDA:90,11,0,0
BRDA:90,11,1,0
BRDA:94,12,0,0
BRDA:94,12,1,0
BRDA:114,13,0,0
BRDA:114,13,1,0
BRDA:118,14,0,0
BRDA:118,14,1,0
BRDA:126,15,0,0
BRDA:126,15,1,0
BRDA:127,16,0,0
BRDA:127,16,1,0
BRDA:144,17,0,0
BRDA:144,17,1,0
BRDA:149,18,0,0
BRDA:149,18,1,0
BRDA:158,19,0,0
BRDA:158,19,1,0
BRDA:160,20,0,0
BRDA:160,20,1,0
BRF:41
BRH:0
end_of_record
TN:
SF:server\routes\posts.js
FN:10,(anonymous_0)
FN:26,(anonymous_1)
FN:39,(anonymous_2)
FN:63,(anonymous_3)
FN:73,(anonymous_4)
FN:76,(anonymous_5)
FN:92,(anonymous_6)
FN:126,(anonymous_7)
FN:130,(anonymous_8)
FN:135,(anonymous_9)
FN:145,(anonymous_10)
FN:148,(anonymous_11)
FN:149,(anonymous_12)
FN:155,(anonymous_13)
FN:165,(anonymous_14)
FN:178,(anonymous_15)
FN:195,(anonymous_16)
FN:216,(anonymous_17)
FN:221,(anonymous_18)
FN:240,(anonymous_19)
FNF:20
FNH:4
FNDA:3,(anonymous_0)
FNDA:1,(anonymous_1)
FNDA:0,(anonymous_2)
FNDA:1,(anonymous_3)
FNDA:2,(anonymous_4)
FNDA:0,(anonymous_5)
FNDA:0,(anonymous_6)
FNDA:0,(anonymous_7)
FNDA:0,(anonymous_8)
FNDA:0,(anonymous_9)
FNDA:0,(anonymous_10)
FNDA:0,(anonymous_11)
FNDA:0,(anonymous_12)
FNDA:0,(anonymous_13)
FNDA:0,(anonymous_14)
FNDA:0,(anonymous_15)
FNDA:0,(anonymous_16)
FNDA:0,(anonymous_17)
FNDA:0,(anonymous_18)
FNDA:0,(anonymous_19)
DA:6,1
DA:10,1
DA:11,3
DA:12,2
DA:14,2
DA:15,2
DA:16,2
DA:17,2
DA:18,2
DA:19,2
DA:21,0
DA:26,1
DA:27,1
DA:28,1
DA:30,1
DA:31,1
DA:34,0
DA:35,0
DA:36,0
DA:39,0
DA:41,0
DA:42,0
DA:44,0
DA:45,0
DA:48,0
DA:49,0
DA:51,0
DA:57,0
DA:58,0
DA:63,1
DA:64,1
DA:66,1
DA:67,1
DA:69,1
DA:74,2
DA:76,0
DA:79,1
DA:80,0
DA:82,1
DA:83,1
DA:84,0
DA:86,1
DA:92,1
DA:93,0
DA:94,0
DA:95,0
DA:96,0
DA:97,0
DA:98,0
DA:99,0
DA:100,0
DA:101,0
DA:103,0
DA:106,0
DA:107,0
DA:108,0
DA:109,0
DA:110,0
DA:111,0
DA:112,0
DA:113,0
DA:114,0
DA:116,0
DA:121,0
DA:122,0
DA:123,0
DA:124,0
DA:125,0
DA:126,0
DA:130,0
DA:131,0
DA:132,0
DA:133,0
DA:134,0
DA:135,0
DA:136,0
DA:137,0
DA:138,0
DA:139,0
DA:140,0
DA:143,0
DA:145,0
DA:148,0
DA:149,0
DA:152,0
DA:155,0
DA:156,0
DA:158,0
DA:160,0
DA:165,1
DA:166,0
DA:167,0
DA:171,0
DA:173,0
DA:178,1
DA:179,0
DA:180,0
DA:184,0
DA:187,0
DA:188,0
DA:190,0
DA:195,1
DA:196,0
DA:197,0
DA:198,0
DA:199,0
DA:200,0
DA:203,0
DA:204,0
DA:207,0
DA:208,0
DA:211,0
DA:216,0
DA:221,0
DA:225,0
DA:226,0
DA:228,0
DA:232,0
DA:234,0
DA:240,1
DA:241,0
DA:242,0
DA:243,0
DA:244,0
DA:246,0
LF:125
LH:30
BRDA:12,0,0,0
BRDA:12,0,1,2
BRDA:30,1,0,1
BRDA:30,1,1,0
BRDA:30,2,0,1
BRDA:30,2,1,0
BRDA:30,2,2,0
BRDA:36,3,0,0
BRDA:36,3,1,0
BRDA:41,4,0,0
BRDA:41,4,1,0
BRDA:73,5,0,1
BRDA:73,5,1,0
BRDA:73,6,0,1
BRDA:73,6,1,0
BRDA:75,7,0,1
BRDA:75,7,1,0
BRDA:75,8,0,0
BRDA:75,8,1,1
BRDA:79,9,0,0
BRDA:79,9,1,1
BRDA:94,10,0,0
BRDA:94,10,1,0
BRDA:95,11,0,0
BRDA:95,11,1,0
BRDA:98,12,0,0
BRDA:98,12,1,0
BRDA:99,13,0,0
BRDA:99,13,1,0
BRDA:101,14,0,0
BRDA:101,14,1,0
BRDA:106,15,0,0
BRDA:106,15,1,0
BRDA:107,16,0,0
BRDA:107,16,1,0
BRDA:111,17,0,0
BRDA:111,17,1,0
BRDA:121,18,0,0
BRDA:121,18,1,0
BRDA:124,19,0,0
BRDA:124,19,1,0
BRDA:128,20,0,0
BRDA:128,20,1,0
BRDA:128,21,0,0
BRDA:128,21,1,0
BRDA:131,22,0,0
BRDA:131,22,1,0
BRDA:137,23,0,0
BRDA:137,23,1,0
BRDA:138,24,0,0
BRDA:138,24,1,0
BRDA:140,25,0,0
BRDA:140,25,1,0
BRDA:148,26,0,0
BRDA:148,26,1,0
BRDA:184,27,0,0
BRDA:184,27,1,0
BRDA:200,28,0,0
BRDA:200,28,1,0
BRDA:203,29,0,0
BRDA:203,29,1,0
BRDA:203,30,0,0
BRDA:203,30,1,0
BRDA:212,31,0,0
BRDA:212,31,1,0
BRDA:213,32,0,0
BRDA:213,32,1,0
BRDA:214,33,0,0
BRDA:214,33,1,0
BRDA:215,34,0,0
BRDA:215,34,1,0
BRDA:219,35,0,0
BRDA:219,35,1,0
BRDA:220,36,0,0
BRDA:220,36,1,0
BRDA:225,37,0,0
BRDA:225,37,1,0
BRDA:243,38,0,0
BRDA:243,38,1,0
BRF:79
BRH:8
end_of_record
TN:
SF:server\routes\users.js
FN:7,(anonymous_0)
FN:54,(anonymous_1)
FN:64,(anonymous_2)
FN:75,(anonymous_3)
FN:86,(anonymous_4)
FNF:5
FNH:1
FNDA:8,(anonymous_0)
FNDA:0,(anonymous_1)
FNDA:0,(anonymous_2)
FNDA:0,(anonymous_3)
FNDA:0,(anonymous_4)
DA:4,1
DA:7,1
DA:8,8
DA:9,8
DA:10,8
DA:11,8
DA:12,8
DA:13,8
DA:15,8
DA:16,1
DA:19,7
DA:20,1
DA:23,6
DA:24,1
DA:27,5
DA:28,4
DA:30,3
DA:31,3
DA:33,2
DA:34,1
DA:37,1
DA:46,1
DA:47,1
DA:49,1
DA:54,1
DA:55,0
DA:56,0
DA:57,0
DA:59,0
DA:64,1
DA:65,0
DA:66,0
DA:67,0
DA:68,0
DA:70,0
DA:75,1
DA:76,0
DA:77,0
DA:78,0
DA:79,0
DA:81,0
DA:86,1
DA:87,0
DA:88,0
DA:90,0
DA:91,0
DA:92,0
DA:93,0
DA:95,0
DA:100,0
DA:101,0
DA:103,0
LF:52
LH:28
BRDA:15,0,0,1
BRDA:15,0,1,7
BRDA:15,1,0,8
BRDA:15,1,1,7
BRDA:15,1,2,7
BRDA:15,1,3,7
BRDA:15,1,4,7
BRDA:19,2,0,1
BRDA:19,2,1,6
BRDA:19,3,0,7
BRDA:19,3,1,6
BRDA:19,3,2,6
BRDA:23,4,0,1
BRDA:23,4,1,5
BRDA:28,5,0,1
BRDA:28,5,1,3
BRDA:31,6,0,1
BRDA:31,6,1,2
BRDA:33,7,0,1
BRDA:33,7,1,1
BRDA:67,8,0,0
BRDA:67,8,1,0
BRDA:78,9,0,0
BRDA:78,9,1,0
BRDA:91,10,0,0
BRDA:91,10,1,0
BRDA:92,11,0,0
BRDA:92,11,1,0
BRDA:93,12,0,0
BRDA:93,12,1,0
BRDA:100,13,0,0
BRDA:100,13,1,0
BRF:32
BRH:20
end_of_record
